2026-01-02 08:25:33.832 [SpringApplicationShutdownHook] INFO  o.s.o.j.LocalContainerEntityManagerFactoryBean - Closing JPA EntityManagerFactory for persistence unit 'default'
2026-01-02 08:25:33.996 [SpringApplicationShutdownHook] INFO  com.zaxxer.hikari.HikariDataSource - HikariPool-1 - Shutdown initiated...
2026-01-02 08:25:34.036 [SpringApplicationShutdownHook] INFO  com.zaxxer.hikari.HikariDataSource - HikariPool-1 - Shutdown completed.
2026-01-02 08:26:23.640 [main] INFO  c.e.b.BillingServiceApplication - Starting BillingServiceApplication v1.0.0-SNAPSHOT using Java 17.0.15 with PID 1 (/app/app.jar started by root in /app)
2026-01-02 08:26:23.673 [main] INFO  c.e.b.BillingServiceApplication - The following 1 profile is active: "docker"
2026-01-02 08:26:29.256 [main] INFO  o.s.d.r.c.RepositoryConfigurationDelegate - Bootstrapping Spring Data JPA repositories in DEFAULT mode.
2026-01-02 08:26:29.587 [main] INFO  o.s.d.r.c.RepositoryConfigurationDelegate - Finished Spring Data repository scanning in 304 ms. Found 5 JPA repository interfaces.
2026-01-02 08:26:33.720 [main] INFO  o.s.b.w.e.tomcat.TomcatWebServer - Tomcat initialized with port 8080 (http)
2026-01-02 08:26:33.814 [main] INFO  o.a.catalina.core.StandardService - Starting service [Tomcat]
2026-01-02 08:26:33.818 [main] INFO  o.a.catalina.core.StandardEngine - Starting Servlet engine: [Apache Tomcat/10.1.20]
2026-01-02 08:26:34.086 [main] INFO  o.a.c.c.C.[Tomcat].[localhost].[/] - Initializing Spring embedded WebApplicationContext
2026-01-02 08:26:34.087 [main] INFO  o.s.b.w.s.c.ServletWebServerApplicationContext - Root WebApplicationContext: initialization completed in 10176 ms
2026-01-02 08:26:35.598 [main] INFO  com.zaxxer.hikari.HikariDataSource - HikariPool-1 - Starting...
2026-01-02 08:26:36.499 [main] INFO  com.zaxxer.hikari.pool.HikariPool - HikariPool-1 - Added connection org.postgresql.jdbc.PgConnection@8ac512e
2026-01-02 08:26:36.506 [main] INFO  com.zaxxer.hikari.HikariDataSource - HikariPool-1 - Start completed.
2026-01-02 08:26:37.208 [main] INFO  liquibase.database - Set default schema name to public
2026-01-02 08:26:40.141 [main] INFO  liquibase.changelog - Reading from public.databasechangelog
2026-01-02 08:26:40.371 [main] INFO  liquibase.changelog - Reading from public.databasechangelog
2026-01-02 08:26:40.397 [main] INFO  liquibase.util - UPDATE SUMMARY
2026-01-02 08:26:40.400 [main] INFO  liquibase.util - Run:                          0
2026-01-02 08:26:40.400 [main] INFO  liquibase.util - Previously run:               8
2026-01-02 08:26:40.401 [main] INFO  liquibase.util - Filtered out:                 0
2026-01-02 08:26:40.401 [main] INFO  liquibase.util - -------------------------------
2026-01-02 08:26:40.402 [main] INFO  liquibase.util - Total change sets:            8
2026-01-02 08:26:40.408 [main] INFO  liquibase.util - Update summary generated
2026-01-02 08:26:40.460 [main] INFO  liquibase.lockservice - Successfully released change log lock
2026-01-02 08:26:40.465 [main] INFO  liquibase.command - Command execution complete
2026-01-02 08:26:40.814 [main] INFO  o.h.jpa.internal.util.LogHelper - HHH000204: Processing PersistenceUnitInfo [name: default]
2026-01-02 08:26:41.059 [main] INFO  org.hibernate.Version - HHH000412: Hibernate ORM core version 6.4.4.Final
2026-01-02 08:26:41.113 [main] INFO  o.h.c.i.RegionFactoryInitiator - HHH000026: Second-level cache disabled
2026-01-02 08:26:41.643 [main] INFO  o.s.o.j.p.SpringPersistenceUnitInfo - No LoadTimeWeaver setup: ignoring JPA class transformer
2026-01-02 08:26:41.795 [main] WARN  org.hibernate.orm.deprecation - HHH90000025: PostgreSQLDialect does not need to be specified explicitly using 'hibernate.dialect' (remove the property setting and it will be selected by default)
2026-01-02 08:26:43.220 [main] INFO  o.h.e.t.j.p.i.JtaPlatformInitiator - HHH000489: No JTA platform available (set 'hibernate.transaction.jta.platform' to enable JTA platform integration)
2026-01-02 08:26:43.225 [main] INFO  o.s.o.j.LocalContainerEntityManagerFactoryBean - Initialized JPA EntityManagerFactory for persistence unit 'default'
2026-01-02 08:26:44.462 [main] WARN  o.s.b.a.o.j.JpaBaseConfiguration$JpaWebConfiguration - spring.jpa.open-in-view is enabled by default. Therefore, database queries may be performed during view rendering. Explicitly configure spring.jpa.open-in-view to disable this warning
2026-01-02 08:26:44.501 [main] WARN  o.s.b.a.s.s.UserDetailsServiceAutoConfiguration - 

Using generated security password: ae94a709-6b97-4f95-bcd2-f4332255e6a0

This generated password is for development use only. Your security configuration must be updated before running your application in production.

2026-01-02 08:26:45.350 [main] INFO  o.s.b.a.e.web.EndpointLinksResolver - Exposing 3 endpoint(s) beneath base path '/actuator'
2026-01-02 08:26:45.449 [main] INFO  o.s.s.web.DefaultSecurityFilterChain - Will secure any request with [org.springframework.security.web.session.DisableEncodeUrlFilter@3bc3cdb7, org.springframework.security.web.context.request.async.WebAsyncManagerIntegrationFilter@773e4573, org.springframework.security.web.context.SecurityContextHolderFilter@66b3c476, org.springframework.security.web.header.HeaderWriterFilter@10cd5b30, org.springframework.web.filter.CorsFilter@6f3059ad, org.springframework.security.web.authentication.logout.LogoutFilter@6304ff53, org.springframework.security.web.savedrequest.RequestCacheAwareFilter@4468deb7, org.springframework.security.web.servletapi.SecurityContextHolderAwareRequestFilter@23f37949, org.springframework.security.web.authentication.AnonymousAuthenticationFilter@7c5024c1, org.springframework.security.web.session.SessionManagementFilter@24ad12ff, org.springframework.security.web.access.ExceptionTranslationFilter@759d44a3, org.springframework.security.web.access.intercept.AuthorizationFilter@4d33713a]
2026-01-02 08:26:46.380 [main] INFO  o.s.b.w.e.tomcat.TomcatWebServer - Tomcat started on port 8080 (http) with context path ''
2026-01-02 08:26:46.422 [main] INFO  c.e.b.BillingServiceApplication - Started BillingServiceApplication in 25.833 seconds (process running for 28.139)
2026-01-02 11:10:26.641 [SpringApplicationShutdownHook] INFO  o.s.o.j.LocalContainerEntityManagerFactoryBean - Closing JPA EntityManagerFactory for persistence unit 'default'
2026-01-02 11:10:26.720 [SpringApplicationShutdownHook] INFO  com.zaxxer.hikari.HikariDataSource - HikariPool-1 - Shutdown initiated...
2026-01-02 11:10:26.754 [SpringApplicationShutdownHook] INFO  com.zaxxer.hikari.HikariDataSource - HikariPool-1 - Shutdown completed.
2026-01-02 11:11:22.533 [main] INFO  c.e.b.BillingServiceApplication - Starting BillingServiceApplication v1.0.0-SNAPSHOT using Java 17.0.15 with PID 1 (/app/app.jar started by root in /app)
2026-01-02 11:11:22.544 [main] INFO  c.e.b.BillingServiceApplication - The following 1 profile is active: "docker"
2026-01-02 11:11:28.601 [main] INFO  o.s.d.r.c.RepositoryConfigurationDelegate - Bootstrapping Spring Data JPA repositories in DEFAULT mode.
2026-01-02 11:11:29.039 [main] INFO  o.s.d.r.c.RepositoryConfigurationDelegate - Finished Spring Data repository scanning in 344 ms. Found 5 JPA repository interfaces.
2026-01-02 11:11:33.773 [main] INFO  o.s.b.w.e.tomcat.TomcatWebServer - Tomcat initialized with port 8080 (http)
2026-01-02 11:11:33.837 [main] INFO  o.a.catalina.core.StandardService - Starting service [Tomcat]
2026-01-02 11:11:33.840 [main] INFO  o.a.catalina.core.StandardEngine - Starting Servlet engine: [Apache Tomcat/10.1.20]
2026-01-02 11:11:33.994 [main] INFO  o.a.c.c.C.[Tomcat].[localhost].[/] - Initializing Spring embedded WebApplicationContext
2026-01-02 11:11:34.010 [main] INFO  o.s.b.w.s.c.ServletWebServerApplicationContext - Root WebApplicationContext: initialization completed in 11213 ms
2026-01-02 11:11:35.488 [main] INFO  com.zaxxer.hikari.HikariDataSource - HikariPool-1 - Starting...
2026-01-02 11:11:36.311 [main] INFO  com.zaxxer.hikari.pool.HikariPool - HikariPool-1 - Added connection org.postgresql.jdbc.PgConnection@1201e064
2026-01-02 11:11:36.379 [main] INFO  com.zaxxer.hikari.HikariDataSource - HikariPool-1 - Start completed.
2026-01-02 11:11:37.144 [main] INFO  liquibase.database - Set default schema name to public
2026-01-02 11:11:39.140 [main] INFO  liquibase.changelog - Reading from public.databasechangelog
2026-01-02 11:11:39.446 [main] INFO  liquibase.changelog - Reading from public.databasechangelog
2026-01-02 11:11:39.484 [main] INFO  liquibase.util - UPDATE SUMMARY
2026-01-02 11:11:39.488 [main] INFO  liquibase.util - Run:                          0
2026-01-02 11:11:39.489 [main] INFO  liquibase.util - Previously run:               8
2026-01-02 11:11:39.491 [main] INFO  liquibase.util - Filtered out:                 0
2026-01-02 11:11:39.498 [main] INFO  liquibase.util - -------------------------------
2026-01-02 11:11:39.499 [main] INFO  liquibase.util - Total change sets:            8
2026-01-02 11:11:39.501 [main] INFO  liquibase.util - Update summary generated
2026-01-02 11:11:39.566 [main] INFO  liquibase.lockservice - Successfully released change log lock
2026-01-02 11:11:39.576 [main] INFO  liquibase.command - Command execution complete
2026-01-02 11:11:39.913 [main] INFO  o.h.jpa.internal.util.LogHelper - HHH000204: Processing PersistenceUnitInfo [name: default]
2026-01-02 11:11:40.132 [main] INFO  org.hibernate.Version - HHH000412: Hibernate ORM core version 6.4.4.Final
2026-01-02 11:11:40.207 [main] INFO  o.h.c.i.RegionFactoryInitiator - HHH000026: Second-level cache disabled
2026-01-02 11:11:40.618 [main] INFO  o.s.o.j.p.SpringPersistenceUnitInfo - No LoadTimeWeaver setup: ignoring JPA class transformer
2026-01-02 11:11:40.766 [main] WARN  org.hibernate.orm.deprecation - HHH90000025: PostgreSQLDialect does not need to be specified explicitly using 'hibernate.dialect' (remove the property setting and it will be selected by default)
2026-01-02 11:11:42.644 [main] INFO  o.h.e.t.j.p.i.JtaPlatformInitiator - HHH000489: No JTA platform available (set 'hibernate.transaction.jta.platform' to enable JTA platform integration)
2026-01-02 11:11:42.648 [main] INFO  o.s.o.j.LocalContainerEntityManagerFactoryBean - Initialized JPA EntityManagerFactory for persistence unit 'default'
2026-01-02 11:11:43.458 [main] WARN  o.s.b.a.o.j.JpaBaseConfiguration$JpaWebConfiguration - spring.jpa.open-in-view is enabled by default. Therefore, database queries may be performed during view rendering. Explicitly configure spring.jpa.open-in-view to disable this warning
2026-01-02 11:11:43.495 [main] WARN  o.s.b.a.s.s.UserDetailsServiceAutoConfiguration - 

Using generated security password: 6b14404d-5f88-489a-8200-ca6173519b8b

This generated password is for development use only. Your security configuration must be updated before running your application in production.

2026-01-02 11:11:44.044 [main] INFO  o.s.b.a.e.web.EndpointLinksResolver - Exposing 3 endpoint(s) beneath base path '/actuator'
2026-01-02 11:11:44.150 [main] INFO  o.s.s.web.DefaultSecurityFilterChain - Will secure any request with [org.springframework.security.web.session.DisableEncodeUrlFilter@6f3059ad, org.springframework.security.web.context.request.async.WebAsyncManagerIntegrationFilter@7c5024c1, org.springframework.security.web.context.SecurityContextHolderFilter@4ee8ba7f, org.springframework.security.web.header.HeaderWriterFilter@70832ddb, org.springframework.web.filter.CorsFilter@595be089, org.springframework.security.web.authentication.logout.LogoutFilter@54372b03, org.springframework.security.web.savedrequest.RequestCacheAwareFilter@1ea786bd, org.springframework.security.web.servletapi.SecurityContextHolderAwareRequestFilter@b381194, org.springframework.security.web.authentication.AnonymousAuthenticationFilter@5c4b230c, org.springframework.security.web.session.SessionManagementFilter@1db7acc9, org.springframework.security.web.access.ExceptionTranslationFilter@2f21994d, org.springframework.security.web.access.intercept.AuthorizationFilter@23f77c2d]
2026-01-02 11:11:44.799 [main] INFO  o.s.b.w.e.tomcat.TomcatWebServer - Tomcat started on port 8080 (http) with context path ''
2026-01-02 11:11:44.856 [main] INFO  c.e.b.BillingServiceApplication - Started BillingServiceApplication in 24.925 seconds (process running for 28.248)
2026-01-02 12:17:21.720 [SpringApplicationShutdownHook] INFO  o.s.o.j.LocalContainerEntityManagerFactoryBean - Closing JPA EntityManagerFactory for persistence unit 'default'
2026-01-02 12:17:21.803 [SpringApplicationShutdownHook] INFO  com.zaxxer.hikari.HikariDataSource - HikariPool-1 - Shutdown initiated...
2026-01-02 12:17:21.878 [SpringApplicationShutdownHook] INFO  com.zaxxer.hikari.HikariDataSource - HikariPool-1 - Shutdown completed.
