2026-01-02 08:26:22.549 [main] INFO  c.e.d.DriverAppServiceApplication - Starting DriverAppServiceApplication v1.0.0-SNAPSHOT using Java 17.0.15 with PID 1 (/app/app.jar started by root in /app)
2026-01-02 08:26:22.610 [main] INFO  c.e.d.DriverAppServiceApplication - No active profile set, falling back to 1 default profile: "default"
2026-01-02 08:26:26.286 [main] INFO  o.s.cloud.context.scope.GenericScope - BeanFactory id=9f0de9e5-6bd5-3835-8e45-ac8236f1f2ff
2026-01-02 08:26:26.970 [main] INFO  o.s.b.w.e.tomcat.TomcatWebServer - Tomcat initialized with port 8080 (http)
2026-01-02 08:26:27.000 [main] INFO  o.a.catalina.core.StandardService - Starting service [Tomcat]
2026-01-02 08:26:27.004 [main] INFO  o.a.catalina.core.StandardEngine - Starting Servlet engine: [Apache Tomcat/10.1.20]
2026-01-02 08:26:27.066 [main] INFO  o.a.c.c.C.[Tomcat].[localhost].[/] - Initializing Spring embedded WebApplicationContext
2026-01-02 08:26:27.070 [main] INFO  o.s.b.w.s.c.ServletWebServerApplicationContext - Root WebApplicationContext: initialization completed in 4176 ms
2026-01-02 08:26:28.236 [main] WARN  o.s.b.a.s.s.UserDetailsServiceAutoConfiguration - 

Using generated security password: 1247e8c4-64aa-4e0d-8068-f728d77bff53

This generated password is for development use only. Your security configuration must be updated before running your application in production.

2026-01-02 08:26:29.026 [main] INFO  o.s.s.web.DefaultSecurityFilterChain - Will secure any request with [org.springframework.security.web.session.DisableEncodeUrlFilter@5b1e88f, org.springframework.security.web.context.request.async.WebAsyncManagerIntegrationFilter@340cb97f, org.springframework.security.web.context.SecurityContextHolderFilter@f882465, org.springframework.security.web.header.HeaderWriterFilter@501957bf, org.springframework.web.filter.CorsFilter@6a1568d6, org.springframework.security.web.authentication.logout.LogoutFilter@8c43966, com.example.danxils_commons.security.JwtAuthFilter@4a8a0099, org.springframework.security.web.savedrequest.RequestCacheAwareFilter@4a50c746, org.springframework.security.web.servletapi.SecurityContextHolderAwareRequestFilter@3709748f, org.springframework.security.web.authentication.AnonymousAuthenticationFilter@11c88cca, org.springframework.security.web.session.SessionManagementFilter@18dcb8a7, org.springframework.security.web.access.ExceptionTranslationFilter@2dff7085, org.springframework.security.web.access.intercept.AuthorizationFilter@3520958b]
2026-01-02 08:26:30.436 [main] INFO  o.s.b.w.e.tomcat.TomcatWebServer - Tomcat started on port 8080 (http) with context path ''
2026-01-02 08:26:30.486 [main] INFO  c.e.d.DriverAppServiceApplication - Started DriverAppServiceApplication in 10.229 seconds (process running for 12.177)
2026-01-02 11:11:21.171 [main] INFO  c.e.d.DriverAppServiceApplication - Starting DriverAppServiceApplication v1.0.0-SNAPSHOT using Java 17.0.15 with PID 1 (/app/app.jar started by root in /app)
2026-01-02 11:11:21.199 [main] INFO  c.e.d.DriverAppServiceApplication - No active profile set, falling back to 1 default profile: "default"
2026-01-02 11:11:25.524 [main] INFO  o.s.cloud.context.scope.GenericScope - BeanFactory id=9f0de9e5-6bd5-3835-8e45-ac8236f1f2ff
2026-01-02 11:11:26.732 [main] INFO  o.s.b.w.e.tomcat.TomcatWebServer - Tomcat initialized with port 8080 (http)
2026-01-02 11:11:26.778 [main] INFO  o.a.catalina.core.StandardService - Starting service [Tomcat]
2026-01-02 11:11:26.783 [main] INFO  o.a.catalina.core.StandardEngine - Starting Servlet engine: [Apache Tomcat/10.1.20]
2026-01-02 11:11:26.880 [main] INFO  o.a.c.c.C.[Tomcat].[localhost].[/] - Initializing Spring embedded WebApplicationContext
2026-01-02 11:11:26.882 [main] INFO  o.s.b.w.s.c.ServletWebServerApplicationContext - Root WebApplicationContext: initialization completed in 5311 ms
2026-01-02 11:11:27.951 [main] WARN  o.s.b.a.s.s.UserDetailsServiceAutoConfiguration - 

Using generated security password: fc16c2fb-065b-444c-a0e1-1aeb8764b946

This generated password is for development use only. Your security configuration must be updated before running your application in production.

2026-01-02 11:11:28.761 [main] INFO  o.s.s.web.DefaultSecurityFilterChain - Will secure any request with [org.springframework.security.web.session.DisableEncodeUrlFilter@3709748f, org.springframework.security.web.context.request.async.WebAsyncManagerIntegrationFilter@79ecc507, org.springframework.security.web.context.SecurityContextHolderFilter@58a765ce, org.springframework.security.web.header.HeaderWriterFilter@8840c98, org.springframework.web.filter.CorsFilter@6ef2f7ad, org.springframework.security.web.authentication.logout.LogoutFilter@53a50b0a, com.example.danxils_commons.security.JwtAuthFilter@5b9499fe, org.springframework.security.web.savedrequest.RequestCacheAwareFilter@6b162ecc, org.springframework.security.web.servletapi.SecurityContextHolderAwareRequestFilter@3b4086c1, org.springframework.security.web.authentication.AnonymousAuthenticationFilter@22d477c2, org.springframework.security.web.session.SessionManagementFilter@5e599100, org.springframework.security.web.access.ExceptionTranslationFilter@4b957db0, org.springframework.security.web.access.intercept.AuthorizationFilter@f882465]
2026-01-02 11:11:30.184 [main] INFO  o.s.b.w.e.tomcat.TomcatWebServer - Tomcat started on port 8080 (http) with context path ''
2026-01-02 11:11:30.287 [main] INFO  c.e.d.DriverAppServiceApplication - Started DriverAppServiceApplication in 11.484 seconds (process running for 14.149)
