2026-01-02 08:26:23.001 [main] INFO  c.e.t.TrackingServiceApplication - Starting TrackingServiceApplication v1.0.0-SNAPSHOT using Java 17.0.15 with PID 1 (/app/app.jar started by root in /app)
2026-01-02 08:26:23.172 [main] INFO  c.e.t.TrackingServiceApplication - No active profile set, falling back to 1 default profile: "default"
2026-01-02 08:26:29.804 [main] INFO  o.s.b.w.e.tomcat.TomcatWebServer - Tomcat initialized with port 8080 (http)
2026-01-02 08:26:29.849 [main] INFO  o.a.catalina.core.StandardService - Starting service [Tomcat]
2026-01-02 08:26:29.853 [main] INFO  o.a.catalina.core.StandardEngine - Starting Servlet engine: [Apache Tomcat/10.1.20]
2026-01-02 08:26:30.170 [main] INFO  o.a.c.c.C.[Tomcat].[localhost].[/] - Initializing Spring embedded WebApplicationContext
2026-01-02 08:26:30.174 [main] INFO  o.s.b.w.s.c.ServletWebServerApplicationContext - Root WebApplicationContext: initialization completed in 6465 ms
2026-01-02 08:26:32.857 [main] WARN  o.s.b.a.s.s.UserDetailsServiceAutoConfiguration - 

Using generated security password: c0f16888-d6cc-4a63-b49b-b0e1c37d9099

This generated password is for development use only. Your security configuration must be updated before running your application in production.

2026-01-02 08:26:34.399 [main] INFO  o.s.b.a.e.web.EndpointLinksResolver - Exposing 2 endpoint(s) beneath base path '/actuator'
2026-01-02 08:26:34.583 [main] INFO  o.s.s.web.DefaultSecurityFilterChain - Will secure any request with [org.springframework.security.web.session.DisableEncodeUrlFilter@3a588b5f, org.springframework.security.web.context.request.async.WebAsyncManagerIntegrationFilter@20b54cfe, org.springframework.security.web.context.SecurityContextHolderFilter@ca546a1, org.springframework.security.web.header.HeaderWriterFilter@2ba024cb, org.springframework.web.filter.CorsFilter@2bdb5e0f, org.springframework.security.web.authentication.logout.LogoutFilter@62b0bf85, com.example.danxils_commons.security.JwtAuthFilter@261b9a37, org.springframework.security.web.savedrequest.RequestCacheAwareFilter@356b6b5d, org.springframework.security.web.servletapi.SecurityContextHolderAwareRequestFilter@37b1149b, org.springframework.security.web.authentication.AnonymousAuthenticationFilter@5c9e8a67, org.springframework.security.web.session.SessionManagementFilter@446c8c72, org.springframework.security.web.access.ExceptionTranslationFilter@6ce15112, org.springframework.security.web.access.intercept.AuthorizationFilter@5409dfdd]
2026-01-02 08:26:36.106 [main] INFO  o.s.b.w.e.tomcat.TomcatWebServer - Tomcat started on port 8080 (http) with context path ''
2026-01-02 08:26:36.295 [main] INFO  c.e.t.TrackingServiceApplication - Started TrackingServiceApplication in 15.062 seconds (process running for 17.804)
2026-01-02 11:11:20.781 [main] INFO  c.e.t.TrackingServiceApplication - Starting TrackingServiceApplication v1.0.0-SNAPSHOT using Java 17.0.15 with PID 1 (/app/app.jar started by root in /app)
2026-01-02 11:11:20.821 [main] INFO  c.e.t.TrackingServiceApplication - No active profile set, falling back to 1 default profile: "default"
2026-01-02 11:11:27.339 [main] INFO  o.s.b.w.e.tomcat.TomcatWebServer - Tomcat initialized with port 8080 (http)
2026-01-02 11:11:27.356 [main] INFO  o.a.catalina.core.StandardService - Starting service [Tomcat]
2026-01-02 11:11:27.359 [main] INFO  o.a.catalina.core.StandardEngine - Starting Servlet engine: [Apache Tomcat/10.1.20]
2026-01-02 11:11:27.511 [main] INFO  o.a.c.c.C.[Tomcat].[localhost].[/] - Initializing Spring embedded WebApplicationContext
2026-01-02 11:11:27.513 [main] INFO  o.s.b.w.s.c.ServletWebServerApplicationContext - Root WebApplicationContext: initialization completed in 6429 ms
2026-01-02 11:11:29.836 [main] WARN  o.s.b.a.s.s.UserDetailsServiceAutoConfiguration - 

Using generated security password: f48588f9-fbb9-4b1c-95f1-a78134654f5b

This generated password is for development use only. Your security configuration must be updated before running your application in production.

2026-01-02 11:11:31.881 [main] INFO  o.s.b.a.e.web.EndpointLinksResolver - Exposing 2 endpoint(s) beneath base path '/actuator'
2026-01-02 11:11:32.079 [main] INFO  o.s.s.web.DefaultSecurityFilterChain - Will secure any request with [org.springframework.security.web.session.DisableEncodeUrlFilter@18026052, org.springframework.security.web.context.request.async.WebAsyncManagerIntegrationFilter@489f62a3, org.springframework.security.web.context.SecurityContextHolderFilter@7ef8e623, org.springframework.security.web.header.HeaderWriterFilter@227a933d, org.springframework.web.filter.CorsFilter@6e068ac9, org.springframework.security.web.authentication.logout.LogoutFilter@4cecc15a, com.example.danxils_commons.security.JwtAuthFilter@4b88ca8e, org.springframework.security.web.savedrequest.RequestCacheAwareFilter@2fac80a8, org.springframework.security.web.servletapi.SecurityContextHolderAwareRequestFilter@6987a133, org.springframework.security.web.authentication.AnonymousAuthenticationFilter@3d0352, org.springframework.security.web.session.SessionManagementFilter@5b7308aa, org.springframework.security.web.access.ExceptionTranslationFilter@4c2c44e8, org.springframework.security.web.access.intercept.AuthorizationFilter@11e834ad]
2026-01-02 11:11:33.479 [main] INFO  o.s.b.w.e.tomcat.TomcatWebServer - Tomcat started on port 8080 (http) with context path ''
2026-01-02 11:11:33.673 [main] INFO  c.e.t.TrackingServiceApplication - Started TrackingServiceApplication in 14.647 seconds (process running for 17.561)
