* Host localhost:81 was resolved.
* IPv6: ::1
* IPv4: 127.0.0.1
  % Total    % Received % Xferd  Average Speed   Time    Time     Time  Current
                                 Dload  Upload   Total   Spent    Left  Speed
  0     0    0     0    0     0      0      0 --:--:-- --:--:-- --:--:--     0*   Trying [::1]:81...
* Connected to localhost (::1) port 81
> POST /api/planning/manifests/generate HTTP/1.1
> Host: localhost:81
> User-Agent: curl/8.7.1
> Accept: */*
> Authorization: Bearer eyJhbGciOiJIUzI1NiJ9.eyJyb2xlcyI6WyJST0xFX0FETUlOIl0sInVzZXJJZCI6IjZmNDRiNWZhLTBiOWQtNDY2Zi04NTA0LTczYzVkNjlhNzM4NCIsInN1YiI6ImNydXoiLCJpYXQiOjE3NjczNDg1OTMsImV4cCI6MTc2NzM4NDU5M30.IB-XJ0NUaYLvTrLQRvJPNZkN_3P0EyVKfRn08QQSHkk
> Content-Type: application/json
> 
* Request completely sent off
< HTTP/1.1 202 
< Server: nginx/1.28.1
< Date: Fri, 02 Jan 2026 10:09:53 GMT
< Content-Type: text/plain;charset=UTF-8
< Content-Length: 75
< Connection: keep-alive
< Vary: Origin
< Vary: Access-Control-Request-Method
< Vary: Access-Control-Request-Headers
< X-Content-Type-Options: nosniff
< X-XSS-Protection: 0
< Cache-Control: no-cache, no-store, max-age=0, must-revalidate
< Pragma: no-cache
< Expires: 0
< X-Frame-Options: DENY
< 
{ [75 bytes data]
100    75  100    75    0     0   2006      0 --:--:-- --:--:-- --:--:--  2027
* Connection #0 to host localhost left intact
Manifest generation triggered. Check status via GET /api/planning/manifests