
> danxils-dashboard-web@0.0.0 dev
> vite


  VITE v7.2.4  ready in 251 ms

  ➜  Local:   http://localhost:5173/
  ➜  Network: use --host to expose
9:27:36 AM [vite] (client) hmr update /src/views/internal/OrderList.vue, /src/style.css
9:28:14 AM [vite] (client) hmr update /src/views/internal/DispatchView.vue, /src/style.css
9:36:19 AM [vite] (client) hmr update /src/views/internal/DispatchView.vue, /src/style.css
9:37:31 AM [vite] (client) hmr update /src/views/internal/DispatchView.vue, /src/style.css
9:37:49 AM [vite] (client) hmr update /src/views/internal/DispatchView.vue, /src/style.css
9:37:55 AM [vite] (client) hmr update /src/views/internal/DispatchView.vue, /src/style.css
9:38:16 AM [vite] (client) hmr update /src/views/internal/DispatchView.vue, /src/style.css
9:41:58 AM [vite] (client) hmr update /src/views/internal/DispatchView.vue, /src/style.css
9:41:58 AM [vite] Internal server error: Failed to resolve import "../../stores/authStore" from "src/components/AssignmentEditModal.vue". Does the file exist?
  Plugin: vite:import-analysis
  File: /Users/VoidTracker/modules/web/voidtracker-web/src/components/AssignmentEditModal.vue:157:30
  1  |  import { ref, reactive, watch, computed } from 'vue';
  2  |  import axios from 'axios';
  3  |  import { useAuthStore } from '../../stores/authStore';
     |                                ^
  4  |  
  5  |  
      at TransformPluginContext._formatLog (file:///Users/VoidTracker/modules/web/voidtracker-web/node_modules/vite/dist/node/chunks/config.js:29647:43)
      at TransformPluginContext.error (file:///Users/VoidTracker/modules/web/voidtracker-web/node_modules/vite/dist/node/chunks/config.js:29644:14)
      at normalizeUrl (file:///Users/VoidTracker/modules/web/voidtracker-web/node_modules/vite/dist/node/chunks/config.js:27767:18)
      at async file:///Users/VoidTracker/modules/web/voidtracker-web/node_modules/vite/dist/node/chunks/config.js:27825:32
      at async Promise.all (index 2)
      at async TransformPluginContext.transform (file:///Users/VoidTracker/modules/web/voidtracker-web/node_modules/vite/dist/node/chunks/config.js:27793:4)
      at async EnvironmentPluginContainer.transform (file:///Users/VoidTracker/modules/web/voidtracker-web/node_modules/vite/dist/node/chunks/config.js:29445:14)
      at async loadAndTransform (file:///Users/VoidTracker/modules/web/voidtracker-web/node_modules/vite/dist/node/chunks/config.js:23316:26)
9:41:58 AM [vite] (client) Pre-transform error: Failed to resolve import "../../stores/authStore" from "src/components/AssignmentEditModal.vue". Does the file exist?
  Plugin: vite:import-analysis
  File: /Users/VoidTracker/modules/web/voidtracker-web/src/components/AssignmentEditModal.vue:157:30
  1  |  import { ref, reactive, watch, computed } from 'vue';
  2  |  import axios from 'axios';
  3  |  import { useAuthStore } from '../../stores/authStore';
     |                                ^
  4  |  
  5  |  
9:42:39 AM [vite] (client) hmr update /src/views/internal/DispatchView.vue, /src/style.css
