
  .   ____          _            __ _ _
 /\\ / ___'_ __ _ _(_)_ __  __ _ \ \ \ \
( ( )\___ | '_ | '_| | '_ \/ _` | \ \ \ \
 \\/  ___)| |_)| | | | | || (_| |  ) ) ) )
  '  |____| .__|_| |_|_| |_\__, | / / / /
 =========|_|==============|___/=/_/_/_/
[32m :: Spring Boot :: [39m              [2m (v3.2.5)[0;39m

{"@timestamp":"2025-11-28T17:37:46.867451+01:00","@version":"1","log_message":"HV000001: Hibernate Validator 8.0.1.Final","logger_name":"org.hibernate.validator.internal.util.Version","thread_name":"background-preinit","level":"INFO","level_value":20000,"appName":"danxils-commons","application_name":"danxils-commons"}
{"@timestamp":"2025-11-28T17:37:46.920958+01:00","@version":"1","log_message":"Starting IamApplication v1.0.0-SNAPSHOT using Java 23.0.1 with PID 43797 (/Users/VoidTracker/iam-service/target/iam-app-1.0.0-SNAPSHOT.jar started by cruz in /Users/VoidTracker/iam-service)","logger_name":"com.example.iam.IamApplication","thread_name":"main","level":"INFO","level_value":20000,"appName":"danxils-commons","application_name":"danxils-commons"}
{"@timestamp":"2025-11-28T17:37:46.926014+01:00","@version":"1","log_message":"No active profile set, falling back to 1 default profile: \"default\"","logger_name":"com.example.iam.IamApplication","thread_name":"main","level":"INFO","level_value":20000,"appName":"danxils-commons","application_name":"danxils-commons"}
{"@timestamp":"2025-11-28T17:37:48.28395+01:00","@version":"1","log_message":"Bootstrapping Spring Data JPA repositories in DEFAULT mode.","logger_name":"org.springframework.data.repository.config.RepositoryConfigurationDelegate","thread_name":"main","level":"INFO","level_value":20000,"appName":"danxils-commons","application_name":"danxils-commons"}
{"@timestamp":"2025-11-28T17:37:48.350838+01:00","@version":"1","log_message":"Finished Spring Data repository scanning in 60 ms. Found 5 JPA repository interfaces.","logger_name":"org.springframework.data.repository.config.RepositoryConfigurationDelegate","thread_name":"main","level":"INFO","level_value":20000,"appName":"danxils-commons","application_name":"danxils-commons"}
{"@timestamp":"2025-11-28T17:37:49.332119+01:00","@version":"1","log_message":"Tomcat initialized with port 8080 (http)","logger_name":"org.springframework.boot.web.embedded.tomcat.TomcatWebServer","thread_name":"main","level":"INFO","level_value":20000,"appName":"danxils-commons","application_name":"danxils-commons"}
{"@timestamp":"2025-11-28T17:37:49.338472+01:00","@version":"1","log_message":"Initializing ProtocolHandler [\"http-nio-8080\"]","logger_name":"org.apache.coyote.http11.Http11NioProtocol","thread_name":"main","level":"INFO","level_value":20000,"appName":"danxils-commons","application_name":"danxils-commons"}
{"@timestamp":"2025-11-28T17:37:49.339441+01:00","@version":"1","log_message":"Starting service [Tomcat]","logger_name":"org.apache.catalina.core.StandardService","thread_name":"main","level":"INFO","level_value":20000,"appName":"danxils-commons","application_name":"danxils-commons"}
{"@timestamp":"2025-11-28T17:37:49.339558+01:00","@version":"1","log_message":"Starting Servlet engine: [Apache Tomcat/10.1.20]","logger_name":"org.apache.catalina.core.StandardEngine","thread_name":"main","level":"INFO","level_value":20000,"appName":"danxils-commons","application_name":"danxils-commons"}
{"@timestamp":"2025-11-28T17:37:49.35953+01:00","@version":"1","log_message":"Initializing Spring embedded WebApplicationContext","logger_name":"org.apache.catalina.core.ContainerBase.[Tomcat].[localhost].[/]","thread_name":"main","level":"INFO","level_value":20000,"appName":"danxils-commons","application_name":"danxils-commons"}
{"@timestamp":"2025-11-28T17:37:49.360057+01:00","@version":"1","log_message":"Root WebApplicationContext: initialization completed in 2363 ms","logger_name":"org.springframework.boot.web.servlet.context.ServletWebServerApplicationContext","thread_name":"main","level":"INFO","level_value":20000,"appName":"danxils-commons","application_name":"danxils-commons"}
{"@timestamp":"2025-11-28T17:37:49.64457+01:00","@version":"1","log_message":"HikariPool-1 - Starting...","logger_name":"com.zaxxer.hikari.HikariDataSource","thread_name":"main","level":"INFO","level_value":20000,"appName":"danxils-commons","application_name":"danxils-commons"}
{"@timestamp":"2025-11-28T17:37:49.789969+01:00","@version":"1","log_message":"HikariPool-1 - Added connection org.postgresql.jdbc.PgConnection@44392e64","logger_name":"com.zaxxer.hikari.pool.HikariPool","thread_name":"main","level":"INFO","level_value":20000,"appName":"danxils-commons","application_name":"danxils-commons"}
{"@timestamp":"2025-11-28T17:37:49.790789+01:00","@version":"1","log_message":"HikariPool-1 - Start completed.","logger_name":"com.zaxxer.hikari.HikariDataSource","thread_name":"main","level":"INFO","level_value":20000,"appName":"danxils-commons","application_name":"danxils-commons"}
{"@timestamp":"2025-11-28T17:37:49.878695+01:00","@version":"1","log_message":"Set default schema name to public","logger_name":"liquibase.database","thread_name":"main","level":"INFO","level_value":20000,"appName":"danxils-commons","application_name":"danxils-commons"}
{"@timestamp":"2025-11-28T17:37:50.164064+01:00","@version":"1","log_message":"Reading from public.databasechangelog","logger_name":"liquibase.changelog","thread_name":"main","level":"INFO","level_value":20000,"appName":"danxils-commons","application_name":"danxils-commons"}
Database is up to date, no changesets to execute
{"@timestamp":"2025-11-28T17:37:50.19587+01:00","@version":"1","log_message":"Reading from public.databasechangelog","logger_name":"liquibase.changelog","thread_name":"main","level":"INFO","level_value":20000,"appName":"danxils-commons","application_name":"danxils-commons"}
{"@timestamp":"2025-11-28T17:37:50.200369+01:00","@version":"1","log_message":"UPDATE SUMMARY","logger_name":"liquibase.util","thread_name":"main","level":"INFO","level_value":20000,"appName":"danxils-commons","application_name":"danxils-commons"}
{"@timestamp":"2025-11-28T17:37:50.20048+01:00","@version":"1","log_message":"Run:                          0","logger_name":"liquibase.util","thread_name":"main","level":"INFO","level_value":20000,"appName":"danxils-commons","application_name":"danxils-commons"}
{"@timestamp":"2025-11-28T17:37:50.200522+01:00","@version":"1","log_message":"Previously run:               3","logger_name":"liquibase.util","thread_name":"main","level":"INFO","level_value":20000,"appName":"danxils-commons","application_name":"danxils-commons"}
{"@timestamp":"2025-11-28T17:37:50.200558+01:00","@version":"1","log_message":"Filtered out:                 0","logger_name":"liquibase.util","thread_name":"main","level":"INFO","level_value":20000,"appName":"danxils-commons","application_name":"danxils-commons"}
{"@timestamp":"2025-11-28T17:37:50.200598+01:00","@version":"1","log_message":"-------------------------------","logger_name":"liquibase.util","thread_name":"main","level":"INFO","level_value":20000,"appName":"danxils-commons","application_name":"danxils-commons"}
{"@timestamp":"2025-11-28T17:37:50.200637+01:00","@version":"1","log_message":"Total change sets:            3","logger_name":"liquibase.util","thread_name":"main","level":"INFO","level_value":20000,"appName":"danxils-commons","application_name":"danxils-commons"}
{"@timestamp":"2025-11-28T17:37:50.200711+01:00","@version":"1","log_message":"Update summary generated","logger_name":"liquibase.util","thread_name":"main","level":"INFO","level_value":20000,"appName":"danxils-commons","application_name":"danxils-commons"}
{"@timestamp":"2025-11-28T17:37:50.218344+01:00","@version":"1","log_message":"Successfully released change log lock","logger_name":"liquibase.lockservice","thread_name":"main","level":"INFO","level_value":20000,"appName":"danxils-commons","application_name":"danxils-commons"}
{"@timestamp":"2025-11-28T17:37:50.219402+01:00","@version":"1","log_message":"Command execution complete","logger_name":"liquibase.command","thread_name":"main","level":"INFO","level_value":20000,"appName":"danxils-commons","application_name":"danxils-commons"}
{"@timestamp":"2025-11-28T17:37:50.274477+01:00","@version":"1","log_message":"HHH000204: Processing PersistenceUnitInfo [name: default]","logger_name":"org.hibernate.jpa.internal.util.LogHelper","thread_name":"main","level":"INFO","level_value":20000,"appName":"danxils-commons","application_name":"danxils-commons"}
{"@timestamp":"2025-11-28T17:37:50.31391+01:00","@version":"1","log_message":"HHH000412: Hibernate ORM core version 6.4.4.Final","logger_name":"org.hibernate.Version","thread_name":"main","level":"INFO","level_value":20000,"appName":"danxils-commons","application_name":"danxils-commons"}
{"@timestamp":"2025-11-28T17:37:50.334152+01:00","@version":"1","log_message":"HHH000026: Second-level cache disabled","logger_name":"org.hibernate.cache.internal.RegionFactoryInitiator","thread_name":"main","level":"INFO","level_value":20000,"appName":"danxils-commons","application_name":"danxils-commons"}
{"@timestamp":"2025-11-28T17:37:50.471272+01:00","@version":"1","log_message":"No LoadTimeWeaver setup: ignoring JPA class transformer","logger_name":"org.springframework.orm.jpa.persistenceunit.SpringPersistenceUnitInfo","thread_name":"main","level":"INFO","level_value":20000,"appName":"danxils-commons","application_name":"danxils-commons"}
{"@timestamp":"2025-11-28T17:37:50.501408+01:00","@version":"1","log_message":"HHH90000025: PostgreSQLDialect does not need to be specified explicitly using 'hibernate.dialect' (remove the property setting and it will be selected by default)","logger_name":"org.hibernate.orm.deprecation","thread_name":"main","level":"WARN","level_value":30000,"appName":"danxils-commons","application_name":"danxils-commons"}
{"@timestamp":"2025-11-28T17:37:51.33349+01:00","@version":"1","log_message":"HHH000489: No JTA platform available (set 'hibernate.transaction.jta.platform' to enable JTA platform integration)","logger_name":"org.hibernate.engine.transaction.jta.platform.internal.JtaPlatformInitiator","thread_name":"main","level":"INFO","level_value":20000,"appName":"danxils-commons","application_name":"danxils-commons"}
{"@timestamp":"2025-11-28T17:37:51.406407+01:00","@version":"1","log_message":"Initialized JPA EntityManagerFactory for persistence unit 'default'","logger_name":"org.springframework.orm.jpa.LocalContainerEntityManagerFactoryBean","thread_name":"main","level":"INFO","level_value":20000,"appName":"danxils-commons","application_name":"danxils-commons"}
{"@timestamp":"2025-11-28T17:37:51.879245+01:00","@version":"1","log_message":"spring.jpa.open-in-view is enabled by default. Therefore, database queries may be performed during view rendering. Explicitly configure spring.jpa.open-in-view to disable this warning","logger_name":"org.springframework.boot.autoconfigure.orm.jpa.JpaBaseConfiguration$JpaWebConfiguration","thread_name":"main","level":"WARN","level_value":30000,"appName":"danxils-commons","application_name":"danxils-commons"}
{"@timestamp":"2025-11-28T17:37:52.121569+01:00","@version":"1","log_message":"Exposing 2 endpoint(s) beneath base path '/actuator'","logger_name":"org.springframework.boot.actuate.endpoint.web.EndpointLinksResolver","thread_name":"main","level":"INFO","level_value":20000,"appName":"danxils-commons","application_name":"danxils-commons"}
{"@timestamp":"2025-11-28T17:37:52.165326+01:00","@version":"1","log_message":"Will secure any request with [org.springframework.security.web.session.DisableEncodeUrlFilter@5402b18c, org.springframework.security.web.context.request.async.WebAsyncManagerIntegrationFilter@670738b2, org.springframework.security.web.context.SecurityContextHolderFilter@5db05003, org.springframework.security.web.header.HeaderWriterFilter@67668cf7, org.springframework.web.filter.CorsFilter@56ff0feb, org.springframework.security.web.authentication.logout.LogoutFilter@2ece1629, com.example.danxils_commons.security.JwtAuthFilter@34bddf43, org.springframework.security.web.savedrequest.RequestCacheAwareFilter@31fe5168, org.springframework.security.web.servletapi.SecurityContextHolderAwareRequestFilter@7db99d41, org.springframework.security.web.authentication.AnonymousAuthenticationFilter@7ca0b2cf, org.springframework.security.web.session.SessionManagementFilter@29c3dd33, org.springframework.security.web.access.ExceptionTranslationFilter@307fe491, org.springframework.security.web.access.intercept.AuthorizationFilter@1d0c7a03]","logger_name":"org.springframework.security.web.DefaultSecurityFilterChain","thread_name":"main","level":"INFO","level_value":20000,"appName":"danxils-commons","application_name":"danxils-commons"}
{"@timestamp":"2025-11-28T17:37:52.47904+01:00","@version":"1","log_message":"Starting ProtocolHandler [\"http-nio-8080\"]","logger_name":"org.apache.coyote.http11.Http11NioProtocol","thread_name":"main","level":"INFO","level_value":20000,"appName":"danxils-commons","application_name":"danxils-commons"}
{"@timestamp":"2025-11-28T17:37:52.488829+01:00","@version":"1","log_message":"Tomcat started on port 8080 (http) with context path ''","logger_name":"org.springframework.boot.web.embedded.tomcat.TomcatWebServer","thread_name":"main","level":"INFO","level_value":20000,"appName":"danxils-commons","application_name":"danxils-commons"}
{"@timestamp":"2025-11-28T17:37:52.500295+01:00","@version":"1","log_message":"Started IamApplication in 6.116 seconds (process running for 6.61)","logger_name":"com.example.iam.IamApplication","thread_name":"main","level":"INFO","level_value":20000,"appName":"danxils-commons","application_name":"danxils-commons"}
{"@timestamp":"2025-11-28T17:37:52.551798+01:00","@version":"1","log_message":"Checking for default users...","logger_name":"com.example.iam.bootstrap.DataInitializer","thread_name":"main","level":"INFO","level_value":20000,"appName":"danxils-commons","application_name":"danxils-commons"}
{"@timestamp":"2025-11-28T17:37:52.615621+01:00","@version":"1","log_message":"User demo@customer.com already exists.","logger_name":"com.example.iam.bootstrap.DataInitializer","thread_name":"main","level":"INFO","level_value":20000,"appName":"danxils-commons","application_name":"danxils-commons"}
{"@timestamp":"2025-11-28T17:37:52.624731+01:00","@version":"1","log_message":"User dispatcher@danxils.com already exists.","logger_name":"com.example.iam.bootstrap.DataInitializer","thread_name":"main","level":"INFO","level_value":20000,"appName":"danxils-commons","application_name":"danxils-commons"}
{"@timestamp":"2025-11-28T17:37:52.626349+01:00","@version":"1","log_message":"User driver@danxils.com already exists.","logger_name":"com.example.iam.bootstrap.DataInitializer","thread_name":"main","level":"INFO","level_value":20000,"appName":"danxils-commons","application_name":"danxils-commons"}
{"@timestamp":"2025-11-28T17:37:52.626507+01:00","@version":"1","log_message":"Default users check completed.","logger_name":"com.example.iam.bootstrap.DataInitializer","thread_name":"main","level":"INFO","level_value":20000,"appName":"danxils-commons","application_name":"danxils-commons"}
{"@timestamp":"2025-11-28T17:38:17.826049+01:00","@version":"1","log_message":"Closing JPA EntityManagerFactory for persistence unit 'default'","logger_name":"org.springframework.orm.jpa.LocalContainerEntityManagerFactoryBean","thread_name":"SpringApplicationShutdownHook","level":"INFO","level_value":20000,"appName":"danxils-commons","application_name":"danxils-commons"}
{"@timestamp":"2025-11-28T17:38:17.839001+01:00","@version":"1","log_message":"HikariPool-1 - Shutdown initiated...","logger_name":"com.zaxxer.hikari.HikariDataSource","thread_name":"SpringApplicationShutdownHook","level":"INFO","level_value":20000,"appName":"danxils-commons","application_name":"danxils-commons"}
{"@timestamp":"2025-11-28T17:38:17.896531+01:00","@version":"1","log_message":"HikariPool-1 - Shutdown completed.","logger_name":"com.zaxxer.hikari.HikariDataSource","thread_name":"SpringApplicationShutdownHook","level":"INFO","level_value":20000,"appName":"danxils-commons","application_name":"danxils-commons"}
