[INFO] Scanning for projects...
[INFO] 
[INFO] --------------------< com.danxils:planning-service >--------------------
[INFO] Building planning-service 1.0.0-SNAPSHOT
[INFO]   from pom.xml
[INFO] --------------------------------[ jar ]---------------------------------
[INFO] 
[INFO] >>> spring-boot:3.2.5:run (default-cli) > test-compile @ planning-service >>>
[INFO] 
[INFO] --- resources:3.3.1:resources (default-resources) @ planning-service ---
[INFO] Copying 1 resource from src/main/resources to target/classes
[INFO] Copying 3 resources from src/main/resources to target/classes
[INFO] 
[INFO] --- compiler:3.11.0:compile (default-compile) @ planning-service ---
[INFO] Nothing to compile - all classes are up to date
[INFO] 
[INFO] --- resources:3.3.1:testResources (default-testResources) @ planning-service ---
[INFO] skip non existing resourceDirectory /Users/VoidTracker/planning-service/src/test/resources
[INFO] 
[INFO] --- compiler:3.11.0:testCompile (default-testCompile) @ planning-service ---
[INFO] Nothing to compile - all classes are up to date
[INFO] 
[INFO] <<< spring-boot:3.2.5:run (default-cli) < test-compile @ planning-service <<<
[INFO] 
[INFO] 
[INFO] --- spring-boot:3.2.5:run (default-cli) @ planning-service ---
[INFO] Attaching agents: []

  .   ____          _            __ _ _
 /\\ / ___'_ __ _ _(_)_ __  __ _ \ \ \ \
( ( )\___ | '_ | '_| | '_ \/ _` | \ \ \ \
 \\/  ___)| |_)| | | | | || (_| |  ) ) ) )
  '  |____| .__|_| |_|_| |_\__, | / / / /
 =========|_|==============|___/=/_/_/_/
[32m :: Spring Boot :: [39m              [2m (v3.2.5)[0;39m

{"@timestamp":"2025-11-27T16:36:41.572206+01:00","@version":"1","log_message":"HV000001: Hibernate Validator 8.0.1.Final","logger_name":"org.hibernate.validator.internal.util.Version","thread_name":"background-preinit","level":"INFO","level_value":20000,"appName":"danxils-commons","application_name":"danxils-commons"}
{"@timestamp":"2025-11-27T16:36:41.59507+01:00","@version":"1","log_message":"Starting PlanningServiceApplication using Java 23.0.1 with PID 23933 (/Users/VoidTracker/planning-service/target/classes started by cruz in /Users/VoidTracker/planning-service)","logger_name":"com.example.planning_service.PlanningServiceApplication","thread_name":"main","level":"INFO","level_value":20000,"appName":"danxils-commons","application_name":"danxils-commons"}
{"@timestamp":"2025-11-27T16:36:41.596068+01:00","@version":"1","log_message":"The following 1 profile is active: \"default\"","logger_name":"com.example.planning_service.PlanningServiceApplication","thread_name":"main","level":"INFO","level_value":20000,"appName":"danxils-commons","application_name":"danxils-commons"}
{"@timestamp":"2025-11-27T16:36:42.179909+01:00","@version":"1","log_message":"Bootstrapping Spring Data JPA repositories in DEFAULT mode.","logger_name":"org.springframework.data.repository.config.RepositoryConfigurationDelegate","thread_name":"main","level":"INFO","level_value":20000,"appName":"danxils-commons","application_name":"danxils-commons"}
{"@timestamp":"2025-11-27T16:36:42.22067+01:00","@version":"1","log_message":"Finished Spring Data repository scanning in 38 ms. Found 11 JPA repository interfaces.","logger_name":"org.springframework.data.repository.config.RepositoryConfigurationDelegate","thread_name":"main","level":"INFO","level_value":20000,"appName":"danxils-commons","application_name":"danxils-commons"}
{"@timestamp":"2025-11-27T16:36:42.370056+01:00","@version":"1","log_message":"BeanFactory id=0a5e81ac-021c-3483-b41f-637dd47fb619","logger_name":"org.springframework.cloud.context.scope.GenericScope","thread_name":"main","level":"INFO","level_value":20000,"appName":"danxils-commons","application_name":"danxils-commons"}
{"@timestamp":"2025-11-27T16:36:42.729976+01:00","@version":"1","log_message":"Tomcat initialized with port 8092 (http)","logger_name":"org.springframework.boot.web.embedded.tomcat.TomcatWebServer","thread_name":"main","level":"INFO","level_value":20000,"appName":"danxils-commons","application_name":"danxils-commons"}
{"@timestamp":"2025-11-27T16:36:42.73473+01:00","@version":"1","log_message":"Initializing ProtocolHandler [\"http-nio-8092\"]","logger_name":"org.apache.coyote.http11.Http11NioProtocol","thread_name":"main","level":"INFO","level_value":20000,"appName":"danxils-commons","application_name":"danxils-commons"}
{"@timestamp":"2025-11-27T16:36:42.735678+01:00","@version":"1","log_message":"Starting service [Tomcat]","logger_name":"org.apache.catalina.core.StandardService","thread_name":"main","level":"INFO","level_value":20000,"appName":"danxils-commons","application_name":"danxils-commons"}
{"@timestamp":"2025-11-27T16:36:42.735776+01:00","@version":"1","log_message":"Starting Servlet engine: [Apache Tomcat/10.1.20]","logger_name":"org.apache.catalina.core.StandardEngine","thread_name":"main","level":"INFO","level_value":20000,"appName":"danxils-commons","application_name":"danxils-commons"}
{"@timestamp":"2025-11-27T16:36:42.766936+01:00","@version":"1","log_message":"Initializing Spring embedded WebApplicationContext","logger_name":"org.apache.catalina.core.ContainerBase.[Tomcat].[localhost].[/]","thread_name":"main","level":"INFO","level_value":20000,"appName":"danxils-commons","application_name":"danxils-commons"}
{"@timestamp":"2025-11-27T16:36:42.767407+01:00","@version":"1","log_message":"Root WebApplicationContext: initialization completed in 1146 ms","logger_name":"org.springframework.boot.web.servlet.context.ServletWebServerApplicationContext","thread_name":"main","level":"INFO","level_value":20000,"appName":"danxils-commons","application_name":"danxils-commons"}
{"@timestamp":"2025-11-27T16:36:43.063816+01:00","@version":"1","log_message":"HikariPool-1 - Starting...","logger_name":"com.zaxxer.hikari.HikariDataSource","thread_name":"main","level":"INFO","level_value":20000,"appName":"danxils-commons","application_name":"danxils-commons"}
{"@timestamp":"2025-11-27T16:36:43.164013+01:00","@version":"1","log_message":"HikariPool-1 - Added connection org.postgresql.jdbc.PgConnection@42fd8f2f","logger_name":"com.zaxxer.hikari.pool.HikariPool","thread_name":"main","level":"INFO","level_value":20000,"appName":"danxils-commons","application_name":"danxils-commons"}
{"@timestamp":"2025-11-27T16:36:43.164685+01:00","@version":"1","log_message":"HikariPool-1 - Start completed.","logger_name":"com.zaxxer.hikari.HikariDataSource","thread_name":"main","level":"INFO","level_value":20000,"appName":"danxils-commons","application_name":"danxils-commons"}
{"@timestamp":"2025-11-27T16:36:43.235405+01:00","@version":"1","log_message":"Set default schema name to public","logger_name":"liquibase.database","thread_name":"main","level":"INFO","level_value":20000,"appName":"danxils-commons","application_name":"danxils-commons"}
{"@timestamp":"2025-11-27T16:36:43.456656+01:00","@version":"1","log_message":"Reading from public.databasechangelog","logger_name":"liquibase.changelog","thread_name":"main","level":"INFO","level_value":20000,"appName":"danxils-commons","application_name":"danxils-commons"}
Database is up to date, no changesets to execute
{"@timestamp":"2025-11-27T16:36:43.481345+01:00","@version":"1","log_message":"Reading from public.databasechangelog","logger_name":"liquibase.changelog","thread_name":"main","level":"INFO","level_value":20000,"appName":"danxils-commons","application_name":"danxils-commons"}
{"@timestamp":"2025-11-27T16:36:43.485009+01:00","@version":"1","log_message":"UPDATE SUMMARY","logger_name":"liquibase.util","thread_name":"main","level":"INFO","level_value":20000,"appName":"danxils-commons","application_name":"danxils-commons"}
{"@timestamp":"2025-11-27T16:36:43.485116+01:00","@version":"1","log_message":"Run:                          0","logger_name":"liquibase.util","thread_name":"main","level":"INFO","level_value":20000,"appName":"danxils-commons","application_name":"danxils-commons"}
{"@timestamp":"2025-11-27T16:36:43.485162+01:00","@version":"1","log_message":"Previously run:               2","logger_name":"liquibase.util","thread_name":"main","level":"INFO","level_value":20000,"appName":"danxils-commons","application_name":"danxils-commons"}
{"@timestamp":"2025-11-27T16:36:43.48522+01:00","@version":"1","log_message":"Filtered out:                 0","logger_name":"liquibase.util","thread_name":"main","level":"INFO","level_value":20000,"appName":"danxils-commons","application_name":"danxils-commons"}
{"@timestamp":"2025-11-27T16:36:43.48526+01:00","@version":"1","log_message":"-------------------------------","logger_name":"liquibase.util","thread_name":"main","level":"INFO","level_value":20000,"appName":"danxils-commons","application_name":"danxils-commons"}
{"@timestamp":"2025-11-27T16:36:43.485296+01:00","@version":"1","log_message":"Total change sets:            2","logger_name":"liquibase.util","thread_name":"main","level":"INFO","level_value":20000,"appName":"danxils-commons","application_name":"danxils-commons"}
{"@timestamp":"2025-11-27T16:36:43.485385+01:00","@version":"1","log_message":"Update summary generated","logger_name":"liquibase.util","thread_name":"main","level":"INFO","level_value":20000,"appName":"danxils-commons","application_name":"danxils-commons"}
{"@timestamp":"2025-11-27T16:36:43.496961+01:00","@version":"1","log_message":"Successfully released change log lock","logger_name":"liquibase.lockservice","thread_name":"main","level":"INFO","level_value":20000,"appName":"danxils-commons","application_name":"danxils-commons"}
{"@timestamp":"2025-11-27T16:36:43.498006+01:00","@version":"1","log_message":"Command execution complete","logger_name":"liquibase.command","thread_name":"main","level":"INFO","level_value":20000,"appName":"danxils-commons","application_name":"danxils-commons"}
{"@timestamp":"2025-11-27T16:36:43.553407+01:00","@version":"1","log_message":"HHH000204: Processing PersistenceUnitInfo [name: default]","logger_name":"org.hibernate.jpa.internal.util.LogHelper","thread_name":"main","level":"INFO","level_value":20000,"appName":"danxils-commons","application_name":"danxils-commons"}
{"@timestamp":"2025-11-27T16:36:43.575357+01:00","@version":"1","log_message":"HHH000412: Hibernate ORM core version 6.4.4.Final","logger_name":"org.hibernate.Version","thread_name":"main","level":"INFO","level_value":20000,"appName":"danxils-commons","application_name":"danxils-commons"}
{"@timestamp":"2025-11-27T16:36:43.588955+01:00","@version":"1","log_message":"HHH000026: Second-level cache disabled","logger_name":"org.hibernate.cache.internal.RegionFactoryInitiator","thread_name":"main","level":"INFO","level_value":20000,"appName":"danxils-commons","application_name":"danxils-commons"}
{"@timestamp":"2025-11-27T16:36:43.640216+01:00","@version":"1","log_message":"HHH90000025: PostgreSQLDialect does not need to be specified explicitly using 'hibernate.dialect' (remove the property setting and it will be selected by default)","logger_name":"org.hibernate.orm.deprecation","thread_name":"main","level":"WARN","level_value":30000,"appName":"danxils-commons","application_name":"danxils-commons"}
{"@timestamp":"2025-11-27T16:36:43.715228+01:00","@version":"1","log_message":"No LoadTimeWeaver setup: ignoring JPA class transformer","logger_name":"org.springframework.orm.jpa.persistenceunit.SpringPersistenceUnitInfo","thread_name":"main","level":"INFO","level_value":20000,"appName":"danxils-commons","application_name":"danxils-commons"}
{"@timestamp":"2025-11-27T16:36:44.381216+01:00","@version":"1","log_message":"HHH000489: No JTA platform available (set 'hibernate.transaction.jta.platform' to enable JTA platform integration)","logger_name":"org.hibernate.engine.transaction.jta.platform.internal.JtaPlatformInitiator","thread_name":"main","level":"INFO","level_value":20000,"appName":"danxils-commons","application_name":"danxils-commons"}
{"@timestamp":"2025-11-27T16:36:44.452158+01:00","@version":"1","log_message":"Initialized JPA EntityManagerFactory for persistence unit 'default'","logger_name":"org.springframework.orm.jpa.LocalContainerEntityManagerFactoryBean","thread_name":"main","level":"INFO","level_value":20000,"appName":"danxils-commons","application_name":"danxils-commons"}
{"@timestamp":"2025-11-27T16:36:44.571525+01:00","@version":"1","log_message":"Inicjalizacja silnika GraphHopper...","logger_name":"com.example.planning_service.config.GraphHopperConfig","thread_name":"main","level":"INFO","level_value":20000,"appName":"danxils-commons","application_name":"danxils-commons"}
{"@timestamp":"2025-11-27T16:36:44.642711+01:00","@version":"1","log_message":"Importowanie danych mapowych... To może zająć kilka minut przy pierwszym uruchomieniu.","logger_name":"com.example.planning_service.config.GraphHopperConfig","thread_name":"main","level":"INFO","level_value":20000,"appName":"danxils-commons","application_name":"danxils-commons"}
{"@timestamp":"2025-11-27T16:36:44.89791+01:00","@version":"1","log_message":"There are no CHs to prepare","logger_name":"com.graphhopper.routing.ch.CHPreparationHandler","thread_name":"main","level":"INFO","level_value":20000,"appName":"danxils-commons","application_name":"danxils-commons"}
{"@timestamp":"2025-11-27T16:36:44.900227+01:00","@version":"1","log_message":"version 8.0|2023-10-17T10:01:00Z (9,21,6,5,2,9)","logger_name":"com.graphhopper.GraphHopper","thread_name":"main","level":"INFO","level_value":20000,"appName":"danxils-commons","application_name":"danxils-commons"}
{"@timestamp":"2025-11-27T16:36:44.900626+01:00","@version":"1","log_message":"graph car|RAM_STORE|2D|no_turn_cost|nodes:9,edges:21,geometry:6,location_index:5,string_index:2,nodesCH:0,shortcuts:9, details:edges: 6,827(1MB), nodes: 5,224(1MB), bounds: 7.4064367,7.4447259,43.7232244,43.7543687, name:(1MB), geo:11,672(1MB)","logger_name":"com.graphhopper.GraphHopper","thread_name":"main","level":"INFO","level_value":20000,"appName":"danxils-commons","application_name":"danxils-commons"}
{"@timestamp":"2025-11-27T16:36:44.900672+01:00","@version":"1","log_message":"Inicjalizacja GraphHopper zakończona pomyślnie.","logger_name":"com.example.planning_service.config.GraphHopperConfig","thread_name":"main","level":"INFO","level_value":20000,"appName":"danxils-commons","application_name":"danxils-commons"}
{"@timestamp":"2025-11-27T16:36:45.738168+01:00","@version":"1","log_message":"spring.jpa.open-in-view is enabled by default. Therefore, database queries may be performed during view rendering. Explicitly configure spring.jpa.open-in-view to disable this warning","logger_name":"org.springframework.boot.autoconfigure.orm.jpa.JpaBaseConfiguration$JpaWebConfiguration","thread_name":"main","level":"WARN","level_value":30000,"appName":"danxils-commons","application_name":"danxils-commons"}
{"@timestamp":"2025-11-27T16:36:46.025638+01:00","@version":"1","log_message":"\n\nUsing generated security password: 6bf2610d-fb35-4d01-a615-c36240fadeac\n\nThis generated password is for development use only. Your security configuration must be updated before running your application in production.\n","logger_name":"org.springframework.boot.autoconfigure.security.servlet.UserDetailsServiceAutoConfiguration","thread_name":"main","level":"WARN","level_value":30000,"appName":"danxils-commons","application_name":"danxils-commons"}
{"@timestamp":"2025-11-27T16:36:46.334709+01:00","@version":"1","log_message":"Exposing 2 endpoint(s) beneath base path '/actuator'","logger_name":"org.springframework.boot.actuate.endpoint.web.EndpointLinksResolver","thread_name":"main","level":"INFO","level_value":20000,"appName":"danxils-commons","application_name":"danxils-commons"}
{"@timestamp":"2025-11-27T16:36:46.392943+01:00","@version":"1","log_message":"Will secure any request with [org.springframework.security.web.session.DisableEncodeUrlFilter@74e218d7, org.springframework.security.web.context.request.async.WebAsyncManagerIntegrationFilter@32d3b7, org.springframework.security.web.context.SecurityContextHolderFilter@6111aa49, org.springframework.security.web.header.HeaderWriterFilter@48fcc19a, org.springframework.web.filter.CorsFilter@656fcf12, org.springframework.security.web.authentication.logout.LogoutFilter@160f8bfb, com.example.danxils_commons.security.JwtAuthFilter@52bc6fcf, org.springframework.security.web.savedrequest.RequestCacheAwareFilter@a7adeb1, org.springframework.security.web.servletapi.SecurityContextHolderAwareRequestFilter@50d01924, org.springframework.security.web.authentication.AnonymousAuthenticationFilter@2441e2d3, org.springframework.security.web.session.SessionManagementFilter@54362745, org.springframework.security.web.access.ExceptionTranslationFilter@4b0c67af, org.springframework.security.web.access.intercept.AuthorizationFilter@263f26b3]","logger_name":"org.springframework.security.web.DefaultSecurityFilterChain","thread_name":"main","level":"INFO","level_value":20000,"appName":"danxils-commons","application_name":"danxils-commons"}
{"@timestamp":"2025-11-27T16:36:47.090126+01:00","@version":"1","log_message":"Starting ProtocolHandler [\"http-nio-8092\"]","logger_name":"org.apache.coyote.http11.Http11NioProtocol","thread_name":"main","level":"INFO","level_value":20000,"appName":"danxils-commons","application_name":"danxils-commons"}
{"@timestamp":"2025-11-27T16:36:47.098051+01:00","@version":"1","log_message":"Tomcat started on port 8092 (http) with context path ''","logger_name":"org.springframework.boot.web.embedded.tomcat.TomcatWebServer","thread_name":"main","level":"INFO","level_value":20000,"appName":"danxils-commons","application_name":"danxils-commons"}
{"@timestamp":"2025-11-27T16:36:47.123481+01:00","@version":"1","log_message":"ConsumerConfig values: \n\tallow.auto.create.topics = true\n\tauto.commit.interval.ms = 5000\n\tauto.include.jmx.reporter = true\n\tauto.offset.reset = latest\n\tbootstrap.servers = [localhost:9093]\n\tcheck.crcs = true\n\tclient.dns.lookup = use_all_dns_ips\n\tclient.id = consumer-danxils-commons-1\n\tclient.rack = \n\tconnections.max.idle.ms = 540000\n\tdefault.api.timeout.ms = 60000\n\tenable.auto.commit = false\n\texclude.internal.topics = true\n\tfetch.max.bytes = 52428800\n\tfetch.max.wait.ms = 500\n\tfetch.min.bytes = 1\n\tgroup.id = danxils-commons\n\tgroup.instance.id = null\n\theartbeat.interval.ms = 3000\n\tinterceptor.classes = []\n\tinternal.leave.group.on.close = true\n\tinternal.throw.on.fetch.stable.offset.unsupported = false\n\tisolation.level = read_uncommitted\n\tkey.deserializer = class org.apache.kafka.common.serialization.StringDeserializer\n\tmax.partition.fetch.bytes = 1048576\n\tmax.poll.interval.ms = 300000\n\tmax.poll.records = 500\n\tmetadata.max.age.ms = 300000\n\tmetric.reporters = []\n\tmetrics.num.samples = 2\n\tmetrics.recording.level = INFO\n\tmetrics.sample.window.ms = 30000\n\tpartition.assignment.strategy = [class org.apache.kafka.clients.consumer.RangeAssignor, class org.apache.kafka.clients.consumer.CooperativeStickyAssignor]\n\treceive.buffer.bytes = 65536\n\treconnect.backoff.max.ms = 1000\n\treconnect.backoff.ms = 50\n\trequest.timeout.ms = 30000\n\tretry.backoff.ms = 100\n\tsasl.client.callback.handler.class = null\n\tsasl.jaas.config = null\n\tsasl.kerberos.kinit.cmd = /usr/bin/kinit\n\tsasl.kerberos.min.time.before.relogin = 60000\n\tsasl.kerberos.service.name = null\n\tsasl.kerberos.ticket.renew.jitter = 0.05\n\tsasl.kerberos.ticket.renew.window.factor = 0.8\n\tsasl.login.callback.handler.class = null\n\tsasl.login.class = null\n\tsasl.login.connect.timeout.ms = null\n\tsasl.login.read.timeout.ms = null\n\tsasl.login.refresh.buffer.seconds = 300\n\tsasl.login.refresh.min.period.seconds = 60\n\tsasl.login.refresh.window.factor = 0.8\n\tsasl.login.refresh.window.jitter = 0.05\n\tsasl.login.retry.backoff.max.ms = 10000\n\tsasl.login.retry.backoff.ms = 100\n\tsasl.mechanism = GSSAPI\n\tsasl.oauthbearer.clock.skew.seconds = 30\n\tsasl.oauthbearer.expected.audience = null\n\tsasl.oauthbearer.expected.issuer = null\n\tsasl.oauthbearer.jwks.endpoint.refresh.ms = 3600000\n\tsasl.oauthbearer.jwks.endpoint.retry.backoff.max.ms = 10000\n\tsasl.oauthbearer.jwks.endpoint.retry.backoff.ms = 100\n\tsasl.oauthbearer.jwks.endpoint.url = null\n\tsasl.oauthbearer.scope.claim.name = scope\n\tsasl.oauthbearer.sub.claim.name = sub\n\tsasl.oauthbearer.token.endpoint.url = null\n\tsecurity.protocol = PLAINTEXT\n\tsecurity.providers = null\n\tsend.buffer.bytes = 131072\n\tsession.timeout.ms = 45000\n\tsocket.connection.setup.timeout.max.ms = 30000\n\tsocket.connection.setup.timeout.ms = 10000\n\tssl.cipher.suites = null\n\tssl.enabled.protocols = [TLSv1.2, TLSv1.3]\n\tssl.endpoint.identification.algorithm = https\n\tssl.engine.factory.class = null\n\tssl.key.password = null\n\tssl.keymanager.algorithm = SunX509\n\tssl.keystore.certificate.chain = null\n\tssl.keystore.key = null\n\tssl.keystore.location = null\n\tssl.keystore.password = null\n\tssl.keystore.type = JKS\n\tssl.protocol = TLSv1.3\n\tssl.provider = null\n\tssl.secure.random.implementation = null\n\tssl.trustmanager.algorithm = PKIX\n\tssl.truststore.certificates = null\n\tssl.truststore.location = null\n\tssl.truststore.password = null\n\tssl.truststore.type = JKS\n\tvalue.deserializer = class org.apache.kafka.common.serialization.StringDeserializer\n","logger_name":"org.apache.kafka.clients.consumer.ConsumerConfig","thread_name":"main","level":"INFO","level_value":20000,"appName":"danxils-commons","application_name":"danxils-commons"}
{"@timestamp":"2025-11-27T16:36:47.204219+01:00","@version":"1","log_message":"Kafka version: 3.6.2","logger_name":"org.apache.kafka.common.utils.AppInfoParser","thread_name":"main","level":"INFO","level_value":20000,"appName":"danxils-commons","application_name":"danxils-commons"}
{"@timestamp":"2025-11-27T16:36:47.20435+01:00","@version":"1","log_message":"Kafka commitId: c4deed513057c94e","logger_name":"org.apache.kafka.common.utils.AppInfoParser","thread_name":"main","level":"INFO","level_value":20000,"appName":"danxils-commons","application_name":"danxils-commons"}
{"@timestamp":"2025-11-27T16:36:47.204389+01:00","@version":"1","log_message":"Kafka startTimeMs: 1764257807203","logger_name":"org.apache.kafka.common.utils.AppInfoParser","thread_name":"main","level":"INFO","level_value":20000,"appName":"danxils-commons","application_name":"danxils-commons"}
{"@timestamp":"2025-11-27T16:36:47.211575+01:00","@version":"1","log_message":"[Consumer clientId=consumer-danxils-commons-1, groupId=danxils-commons] Subscribed to topic(s): orders.created","logger_name":"org.springframework.kafka.core.DefaultKafkaConsumerFactory$ExtendedKafkaConsumer","thread_name":"main","level":"INFO","level_value":20000,"appName":"danxils-commons","application_name":"danxils-commons"}
{"@timestamp":"2025-11-27T16:36:47.228856+01:00","@version":"1","log_message":"Started PlanningServiceApplication in 5.977 seconds (process running for 6.167)","logger_name":"com.example.planning_service.PlanningServiceApplication","thread_name":"main","level":"INFO","level_value":20000,"appName":"danxils-commons","application_name":"danxils-commons"}
{"@timestamp":"2025-11-27T16:36:47.362049+01:00","@version":"1","log_message":"[Consumer clientId=consumer-danxils-commons-1, groupId=danxils-commons] Cluster ID: TWIPJFRbTDaBEOwB1GeCZg","logger_name":"org.apache.kafka.clients.Metadata","thread_name":"org.springframework.kafka.KafkaListenerEndpointContainer#0-0-C-1","level":"INFO","level_value":20000,"appName":"danxils-commons","application_name":"danxils-commons"}
{"@timestamp":"2025-11-27T16:36:47.362622+01:00","@version":"1","log_message":"[Consumer clientId=consumer-danxils-commons-1, groupId=danxils-commons] Discovered group coordinator localhost:9093 (id: 2147483646 rack: null)","logger_name":"org.apache.kafka.clients.consumer.internals.ConsumerCoordinator","thread_name":"org.springframework.kafka.KafkaListenerEndpointContainer#0-0-C-1","level":"INFO","level_value":20000,"appName":"danxils-commons","application_name":"danxils-commons"}
{"@timestamp":"2025-11-27T16:36:47.363474+01:00","@version":"1","log_message":"[Consumer clientId=consumer-danxils-commons-1, groupId=danxils-commons] (Re-)joining group","logger_name":"org.apache.kafka.clients.consumer.internals.ConsumerCoordinator","thread_name":"org.springframework.kafka.KafkaListenerEndpointContainer#0-0-C-1","level":"INFO","level_value":20000,"appName":"danxils-commons","application_name":"danxils-commons"}
{"@timestamp":"2025-11-27T16:36:47.376545+01:00","@version":"1","log_message":"[Consumer clientId=consumer-danxils-commons-1, groupId=danxils-commons] Request joining group due to: need to re-join with the given member-id: consumer-danxils-commons-1-c13491e2-9d60-4b86-9690-c09baa260e08","logger_name":"org.apache.kafka.clients.consumer.internals.ConsumerCoordinator","thread_name":"org.springframework.kafka.KafkaListenerEndpointContainer#0-0-C-1","level":"INFO","level_value":20000,"appName":"danxils-commons","application_name":"danxils-commons"}
{"@timestamp":"2025-11-27T16:36:47.376861+01:00","@version":"1","log_message":"[Consumer clientId=consumer-danxils-commons-1, groupId=danxils-commons] Request joining group due to: rebalance failed due to 'The group member needs to have a valid member id before actually entering a consumer group.' (MemberIdRequiredException)","logger_name":"org.apache.kafka.clients.consumer.internals.ConsumerCoordinator","thread_name":"org.springframework.kafka.KafkaListenerEndpointContainer#0-0-C-1","level":"INFO","level_value":20000,"appName":"danxils-commons","application_name":"danxils-commons"}
{"@timestamp":"2025-11-27T16:36:47.37697+01:00","@version":"1","log_message":"[Consumer clientId=consumer-danxils-commons-1, groupId=danxils-commons] (Re-)joining group","logger_name":"org.apache.kafka.clients.consumer.internals.ConsumerCoordinator","thread_name":"org.springframework.kafka.KafkaListenerEndpointContainer#0-0-C-1","level":"INFO","level_value":20000,"appName":"danxils-commons","application_name":"danxils-commons"}
{"@timestamp":"2025-11-27T16:36:49.693364+01:00","@version":"1","log_message":"[Consumer clientId=consumer-danxils-commons-1, groupId=danxils-commons] Successfully joined group with generation Generation{generationId=18, memberId='consumer-danxils-commons-1-c13491e2-9d60-4b86-9690-c09baa260e08', protocol='range'}","logger_name":"org.apache.kafka.clients.consumer.internals.ConsumerCoordinator","thread_name":"org.springframework.kafka.KafkaListenerEndpointContainer#0-0-C-1","level":"INFO","level_value":20000,"appName":"danxils-commons","application_name":"danxils-commons"}
{"@timestamp":"2025-11-27T16:36:49.828874+01:00","@version":"1","log_message":"[Consumer clientId=consumer-danxils-commons-1, groupId=danxils-commons] Successfully synced group in generation Generation{generationId=18, memberId='consumer-danxils-commons-1-c13491e2-9d60-4b86-9690-c09baa260e08', protocol='range'}","logger_name":"org.apache.kafka.clients.consumer.internals.ConsumerCoordinator","thread_name":"org.springframework.kafka.KafkaListenerEndpointContainer#0-0-C-1","level":"INFO","level_value":20000,"appName":"danxils-commons","application_name":"danxils-commons"}
{"@timestamp":"2025-11-27T16:36:49.831037+01:00","@version":"1","log_message":"[Consumer clientId=consumer-danxils-commons-1, groupId=danxils-commons] Notifying assignor about the new Assignment(partitions=[orders.created-0])","logger_name":"org.apache.kafka.clients.consumer.internals.ConsumerCoordinator","thread_name":"org.springframework.kafka.KafkaListenerEndpointContainer#0-0-C-1","level":"INFO","level_value":20000,"appName":"danxils-commons","application_name":"danxils-commons"}
{"@timestamp":"2025-11-27T16:36:49.83255+01:00","@version":"1","log_message":"[Consumer clientId=consumer-danxils-commons-1, groupId=danxils-commons] Adding newly assigned partitions: orders.created-0","logger_name":"org.apache.kafka.clients.consumer.internals.ConsumerCoordinator","thread_name":"org.springframework.kafka.KafkaListenerEndpointContainer#0-0-C-1","level":"INFO","level_value":20000,"appName":"danxils-commons","application_name":"danxils-commons"}
{"@timestamp":"2025-11-27T16:36:49.83924+01:00","@version":"1","log_message":"[Consumer clientId=consumer-danxils-commons-1, groupId=danxils-commons] Setting offset for partition orders.created-0 to the committed offset FetchPosition{offset=0, offsetEpoch=Optional.empty, currentLeader=LeaderAndEpoch{leader=Optional[localhost:9093 (id: 1 rack: null)], epoch=0}}","logger_name":"org.apache.kafka.clients.consumer.internals.ConsumerCoordinator","thread_name":"org.springframework.kafka.KafkaListenerEndpointContainer#0-0-C-1","level":"INFO","level_value":20000,"appName":"danxils-commons","application_name":"danxils-commons"}
{"@timestamp":"2025-11-27T16:36:49.839744+01:00","@version":"1","log_message":"danxils-commons: partitions assigned: [orders.created-0]","logger_name":"org.springframework.kafka.listener.KafkaMessageListenerContainer","thread_name":"org.springframework.kafka.KafkaListenerEndpointContainer#0-0-C-1","level":"INFO","level_value":20000,"appName":"danxils-commons","application_name":"danxils-commons"}
{"@timestamp":"2025-11-27T16:37:01.111146+01:00","@version":"1","log_message":"Spans were dropped due to exceptions. All subsequent errors will be logged at FINE level.","logger_name":"zipkin2.reporter.AsyncReporter$BoundedAsyncReporter","thread_name":"AsyncReporter{org.springframework.boot.actuate.autoconfigure.tracing.zipkin.ZipkinRestTemplateSender@1987807b}","level":"WARN","level_value":30000,"appName":"danxils-commons","application_name":"danxils-commons"}
{"@timestamp":"2025-11-27T16:37:01.111529+01:00","@version":"1","log_message":"Dropped 1 spans due to ResourceAccessException(I/O error on POST request for \"http://zipkin:9411/api/v2/spans\": zipkin)","logger_name":"zipkin2.reporter.AsyncReporter$BoundedAsyncReporter","thread_name":"AsyncReporter{org.springframework.boot.actuate.autoconfigure.tracing.zipkin.ZipkinRestTemplateSender@1987807b}","level":"WARN","level_value":30000,"stack_trace":"org.springframework.web.client.ResourceAccessException: I/O error on POST request for \"http://zipkin:9411/api/v2/spans\": zipkin\n\tat org.springframework.web.client.RestTemplate.createResourceAccessException(RestTemplate.java:915)\n\tat org.springframework.web.client.RestTemplate.doExecute(RestTemplate.java:895)\n\tat org.springframework.web.client.RestTemplate.execute(RestTemplate.java:790)\n\tat org.springframework.web.client.RestTemplate.exchange(RestTemplate.java:672)\n\tat org.springframework.boot.actuate.autoconfigure.tracing.zipkin.ZipkinRestTemplateSender$RestTemplateHttpPostCall.doExecute(ZipkinRestTemplateSender.java:68)\n\tat org.springframework.boot.actuate.autoconfigure.tracing.zipkin.ZipkinRestTemplateSender$RestTemplateHttpPostCall.doExecute(ZipkinRestTemplateSender.java:48)\n\tat zipkin2.Call$Base.execute(Call.java:391)\n\tat zipkin2.reporter.AsyncReporter$BoundedAsyncReporter.flush(AsyncReporter.java:299)\n\tat zipkin2.reporter.AsyncReporter$Flusher.run(AsyncReporter.java:378)\n\tat java.base/java.lang.Thread.run(Thread.java:1575)\nCaused by: java.net.UnknownHostException: zipkin\n\tat java.base/sun.nio.ch.NioSocketImpl.connect(NioSocketImpl.java:567)\n\tat java.base/java.net.Socket.connect(Socket.java:760)\n\tat java.base/sun.net.NetworkClient.doConnect(NetworkClient.java:178)\n\tat java.base/sun.net.www.http.HttpClient.openServer(HttpClient.java:531)\n\tat java.base/sun.net.www.http.HttpClient.openServer(HttpClient.java:636)\n\tat java.base/sun.net.www.http.HttpClient.<init>(HttpClient.java:280)\n\tat java.base/sun.net.www.http.HttpClient.New(HttpClient.java:386)\n\tat java.base/sun.net.www.http.HttpClient.New(HttpClient.java:408)\n\tat java.base/sun.net.www.protocol.http.HttpURLConnection.getNewHttpClient(HttpURLConnection.java:1310)\n\tat java.base/sun.net.www.protocol.http.HttpURLConnection.plainConnect0(HttpURLConnection.java:1243)\n\tat java.base/sun.net.www.protocol.http.HttpURLConnection.plainConnect(HttpURLConnection.java:1129)\n\tat java.base/sun.net.www.protocol.http.HttpURLConnection.connect(HttpURLConnection.java:1058)\n\tat org.springframework.http.client.SimpleClientHttpRequest.executeInternal(SimpleClientHttpRequest.java:79)\n\tat org.springframework.http.client.AbstractStreamingClientHttpRequest.executeInternal(AbstractStreamingClientHttpRequest.java:70)\n\tat org.springframework.http.client.AbstractClientHttpRequest.execute(AbstractClientHttpRequest.java:66)\n\tat org.springframework.web.client.RestTemplate.doExecute(RestTemplate.java:889)\n\t... 8 common frames omitted\n","appName":"danxils-commons","application_name":"danxils-commons"}
{"@timestamp":"2025-11-27T16:45:47.627822+01:00","@version":"1","log_message":"[Consumer clientId=consumer-danxils-commons-1, groupId=danxils-commons] Node -1 disconnected.","logger_name":"org.apache.kafka.clients.NetworkClient","thread_name":"org.springframework.kafka.KafkaListenerEndpointContainer#0-0-C-1","level":"INFO","level_value":20000,"appName":"danxils-commons","application_name":"danxils-commons"}
[INFO] ------------------------------------------------------------------------
[INFO] BUILD FAILURE
[INFO] ------------------------------------------------------------------------
[INFO] Total time:  11:11 min
[INFO] Finished at: 2025-11-27T16:47:51+01:00
[INFO] ------------------------------------------------------------------------
[ERROR] Failed to execute goal org.springframework.boot:spring-boot-maven-plugin:3.2.5:run (default-cli) on project planning-service: Process terminated with exit code: 137 -> [Help 1]
[ERROR] 
[ERROR] To see the full stack trace of the errors, re-run Maven with the -e switch.
[ERROR] Re-run Maven using the -X switch to enable full debug logging.
[ERROR] 
[ERROR] For more information about the errors and possible solutions, please read the following articles:
[ERROR] [Help 1] http://cwiki.apache.org/confluence/display/MAVEN/MojoExecutionException
