[INFO] Scanning for projects...
[INFO] 
[INFO] --------------------< com.danxils:planning-service >--------------------
[INFO] Building planning-service 1.0.0-SNAPSHOT
[INFO]   from pom.xml
[INFO] --------------------------------[ jar ]---------------------------------
[INFO] 
[INFO] >>> spring-boot:3.2.5:run (default-cli) > test-compile @ planning-service >>>
[INFO] 
[INFO] --- resources:3.3.1:resources (default-resources) @ planning-service ---
[INFO] Copying 1 resource from src/main/resources to target/classes
[INFO] Copying 3 resources from src/main/resources to target/classes
[INFO] 
[INFO] --- compiler:3.11.0:compile (default-compile) @ planning-service ---
[INFO] Nothing to compile - all classes are up to date
[INFO] 
[INFO] --- resources:3.3.1:testResources (default-testResources) @ planning-service ---
[INFO] skip non existing resourceDirectory /Users/VoidTracker/planning-service/src/test/resources
[INFO] 
[INFO] --- compiler:3.11.0:testCompile (default-testCompile) @ planning-service ---
[INFO] Nothing to compile - all classes are up to date
[INFO] 
[INFO] <<< spring-boot:3.2.5:run (default-cli) < test-compile @ planning-service <<<
[INFO] 
[INFO] 
[INFO] --- spring-boot:3.2.5:run (default-cli) @ planning-service ---
[INFO] Attaching agents: []

  .   ____          _            __ _ _
 /\\ / ___'_ __ _ _(_)_ __  __ _ \ \ \ \
( ( )\___ | '_ | '_| | '_ \/ _` | \ \ \ \
 \\/  ___)| |_)| | | | | || (_| |  ) ) ) )
  '  |____| .__|_| |_|_| |_\__, | / / / /
 =========|_|==============|___/=/_/_/_/
[32m :: Spring Boot :: [39m              [2m (v3.2.5)[0;39m

{"@timestamp":"2025-11-27T14:49:28.176514+01:00","@version":"1","log_message":"HV000001: Hibernate Validator 8.0.1.Final","logger_name":"org.hibernate.validator.internal.util.Version","thread_name":"background-preinit","level":"INFO","level_value":20000,"appName":"danxils-commons","application_name":"danxils-commons"}
{"@timestamp":"2025-11-27T14:49:28.204349+01:00","@version":"1","log_message":"Starting PlanningServiceApplication using Java 23.0.1 with PID 18479 (/Users/VoidTracker/planning-service/target/classes started by cruz in /Users/VoidTracker/planning-service)","logger_name":"com.example.planning_service.PlanningServiceApplication","thread_name":"main","level":"INFO","level_value":20000,"appName":"danxils-commons","application_name":"danxils-commons"}
{"@timestamp":"2025-11-27T14:49:28.205235+01:00","@version":"1","log_message":"The following 1 profile is active: \"default\"","logger_name":"com.example.planning_service.PlanningServiceApplication","thread_name":"main","level":"INFO","level_value":20000,"appName":"danxils-commons","application_name":"danxils-commons"}
{"@timestamp":"2025-11-27T14:49:28.923817+01:00","@version":"1","log_message":"Bootstrapping Spring Data JPA repositories in DEFAULT mode.","logger_name":"org.springframework.data.repository.config.RepositoryConfigurationDelegate","thread_name":"main","level":"INFO","level_value":20000,"appName":"danxils-commons","application_name":"danxils-commons"}
{"@timestamp":"2025-11-27T14:49:28.982262+01:00","@version":"1","log_message":"Finished Spring Data repository scanning in 49 ms. Found 11 JPA repository interfaces.","logger_name":"org.springframework.data.repository.config.RepositoryConfigurationDelegate","thread_name":"main","level":"INFO","level_value":20000,"appName":"danxils-commons","application_name":"danxils-commons"}
{"@timestamp":"2025-11-27T14:49:29.145587+01:00","@version":"1","log_message":"BeanFactory id=0a5e81ac-021c-3483-b41f-637dd47fb619","logger_name":"org.springframework.cloud.context.scope.GenericScope","thread_name":"main","level":"INFO","level_value":20000,"appName":"danxils-commons","application_name":"danxils-commons"}
{"@timestamp":"2025-11-27T14:49:29.522499+01:00","@version":"1","log_message":"Tomcat initialized with port 8092 (http)","logger_name":"org.springframework.boot.web.embedded.tomcat.TomcatWebServer","thread_name":"main","level":"INFO","level_value":20000,"appName":"danxils-commons","application_name":"danxils-commons"}
{"@timestamp":"2025-11-27T14:49:29.527612+01:00","@version":"1","log_message":"Initializing ProtocolHandler [\"http-nio-8092\"]","logger_name":"org.apache.coyote.http11.Http11NioProtocol","thread_name":"main","level":"INFO","level_value":20000,"appName":"danxils-commons","application_name":"danxils-commons"}
{"@timestamp":"2025-11-27T14:49:29.528453+01:00","@version":"1","log_message":"Starting service [Tomcat]","logger_name":"org.apache.catalina.core.StandardService","thread_name":"main","level":"INFO","level_value":20000,"appName":"danxils-commons","application_name":"danxils-commons"}
{"@timestamp":"2025-11-27T14:49:29.528543+01:00","@version":"1","log_message":"Starting Servlet engine: [Apache Tomcat/10.1.20]","logger_name":"org.apache.catalina.core.StandardEngine","thread_name":"main","level":"INFO","level_value":20000,"appName":"danxils-commons","application_name":"danxils-commons"}
{"@timestamp":"2025-11-27T14:49:29.562819+01:00","@version":"1","log_message":"Initializing Spring embedded WebApplicationContext","logger_name":"org.apache.catalina.core.ContainerBase.[Tomcat].[localhost].[/]","thread_name":"main","level":"INFO","level_value":20000,"appName":"danxils-commons","application_name":"danxils-commons"}
{"@timestamp":"2025-11-27T14:49:29.563273+01:00","@version":"1","log_message":"Root WebApplicationContext: initialization completed in 1327 ms","logger_name":"org.springframework.boot.web.servlet.context.ServletWebServerApplicationContext","thread_name":"main","level":"INFO","level_value":20000,"appName":"danxils-commons","application_name":"danxils-commons"}
{"@timestamp":"2025-11-27T14:49:29.874518+01:00","@version":"1","log_message":"HikariPool-1 - Starting...","logger_name":"com.zaxxer.hikari.HikariDataSource","thread_name":"main","level":"INFO","level_value":20000,"appName":"danxils-commons","application_name":"danxils-commons"}
{"@timestamp":"2025-11-27T14:49:29.985413+01:00","@version":"1","log_message":"HikariPool-1 - Added connection org.postgresql.jdbc.PgConnection@3a44993c","logger_name":"com.zaxxer.hikari.pool.HikariPool","thread_name":"main","level":"INFO","level_value":20000,"appName":"danxils-commons","application_name":"danxils-commons"}
{"@timestamp":"2025-11-27T14:49:29.986116+01:00","@version":"1","log_message":"HikariPool-1 - Start completed.","logger_name":"com.zaxxer.hikari.HikariDataSource","thread_name":"main","level":"INFO","level_value":20000,"appName":"danxils-commons","application_name":"danxils-commons"}
{"@timestamp":"2025-11-27T14:49:30.073674+01:00","@version":"1","log_message":"Set default schema name to public","logger_name":"liquibase.database","thread_name":"main","level":"INFO","level_value":20000,"appName":"danxils-commons","application_name":"danxils-commons"}
{"@timestamp":"2025-11-27T14:49:30.303446+01:00","@version":"1","log_message":"Reading from public.databasechangelog","logger_name":"liquibase.changelog","thread_name":"main","level":"INFO","level_value":20000,"appName":"danxils-commons","application_name":"danxils-commons"}
Database is up to date, no changesets to execute
{"@timestamp":"2025-11-27T14:49:30.324947+01:00","@version":"1","log_message":"Reading from public.databasechangelog","logger_name":"liquibase.changelog","thread_name":"main","level":"INFO","level_value":20000,"appName":"danxils-commons","application_name":"danxils-commons"}
{"@timestamp":"2025-11-27T14:49:30.327778+01:00","@version":"1","log_message":"UPDATE SUMMARY","logger_name":"liquibase.util","thread_name":"main","level":"INFO","level_value":20000,"appName":"danxils-commons","application_name":"danxils-commons"}
{"@timestamp":"2025-11-27T14:49:30.327871+01:00","@version":"1","log_message":"Run:                          0","logger_name":"liquibase.util","thread_name":"main","level":"INFO","level_value":20000,"appName":"danxils-commons","application_name":"danxils-commons"}
{"@timestamp":"2025-11-27T14:49:30.327912+01:00","@version":"1","log_message":"Previously run:               2","logger_name":"liquibase.util","thread_name":"main","level":"INFO","level_value":20000,"appName":"danxils-commons","application_name":"danxils-commons"}
{"@timestamp":"2025-11-27T14:49:30.327967+01:00","@version":"1","log_message":"Filtered out:                 0","logger_name":"liquibase.util","thread_name":"main","level":"INFO","level_value":20000,"appName":"danxils-commons","application_name":"danxils-commons"}
{"@timestamp":"2025-11-27T14:49:30.328006+01:00","@version":"1","log_message":"-------------------------------","logger_name":"liquibase.util","thread_name":"main","level":"INFO","level_value":20000,"appName":"danxils-commons","application_name":"danxils-commons"}
{"@timestamp":"2025-11-27T14:49:30.328043+01:00","@version":"1","log_message":"Total change sets:            2","logger_name":"liquibase.util","thread_name":"main","level":"INFO","level_value":20000,"appName":"danxils-commons","application_name":"danxils-commons"}
{"@timestamp":"2025-11-27T14:49:30.328112+01:00","@version":"1","log_message":"Update summary generated","logger_name":"liquibase.util","thread_name":"main","level":"INFO","level_value":20000,"appName":"danxils-commons","application_name":"danxils-commons"}
{"@timestamp":"2025-11-27T14:49:30.338658+01:00","@version":"1","log_message":"Successfully released change log lock","logger_name":"liquibase.lockservice","thread_name":"main","level":"INFO","level_value":20000,"appName":"danxils-commons","application_name":"danxils-commons"}
{"@timestamp":"2025-11-27T14:49:30.339559+01:00","@version":"1","log_message":"Command execution complete","logger_name":"liquibase.command","thread_name":"main","level":"INFO","level_value":20000,"appName":"danxils-commons","application_name":"danxils-commons"}
{"@timestamp":"2025-11-27T14:49:30.396544+01:00","@version":"1","log_message":"HHH000204: Processing PersistenceUnitInfo [name: default]","logger_name":"org.hibernate.jpa.internal.util.LogHelper","thread_name":"main","level":"INFO","level_value":20000,"appName":"danxils-commons","application_name":"danxils-commons"}
{"@timestamp":"2025-11-27T14:49:30.420145+01:00","@version":"1","log_message":"HHH000412: Hibernate ORM core version 6.4.4.Final","logger_name":"org.hibernate.Version","thread_name":"main","level":"INFO","level_value":20000,"appName":"danxils-commons","application_name":"danxils-commons"}
{"@timestamp":"2025-11-27T14:49:30.434235+01:00","@version":"1","log_message":"HHH000026: Second-level cache disabled","logger_name":"org.hibernate.cache.internal.RegionFactoryInitiator","thread_name":"main","level":"INFO","level_value":20000,"appName":"danxils-commons","application_name":"danxils-commons"}
{"@timestamp":"2025-11-27T14:49:30.484326+01:00","@version":"1","log_message":"HHH90000025: PostgreSQLDialect does not need to be specified explicitly using 'hibernate.dialect' (remove the property setting and it will be selected by default)","logger_name":"org.hibernate.orm.deprecation","thread_name":"main","level":"WARN","level_value":30000,"appName":"danxils-commons","application_name":"danxils-commons"}
{"@timestamp":"2025-11-27T14:49:30.560432+01:00","@version":"1","log_message":"No LoadTimeWeaver setup: ignoring JPA class transformer","logger_name":"org.springframework.orm.jpa.persistenceunit.SpringPersistenceUnitInfo","thread_name":"main","level":"INFO","level_value":20000,"appName":"danxils-commons","application_name":"danxils-commons"}
{"@timestamp":"2025-11-27T14:49:31.127176+01:00","@version":"1","log_message":"HHH000489: No JTA platform available (set 'hibernate.transaction.jta.platform' to enable JTA platform integration)","logger_name":"org.hibernate.engine.transaction.jta.platform.internal.JtaPlatformInitiator","thread_name":"main","level":"INFO","level_value":20000,"appName":"danxils-commons","application_name":"danxils-commons"}
{"@timestamp":"2025-11-27T14:49:31.20315+01:00","@version":"1","log_message":"Initialized JPA EntityManagerFactory for persistence unit 'default'","logger_name":"org.springframework.orm.jpa.LocalContainerEntityManagerFactoryBean","thread_name":"main","level":"INFO","level_value":20000,"appName":"danxils-commons","application_name":"danxils-commons"}
{"@timestamp":"2025-11-27T14:49:31.322192+01:00","@version":"1","log_message":"Inicjalizacja silnika GraphHopper...","logger_name":"com.example.planning_service.config.GraphHopperConfig","thread_name":"main","level":"INFO","level_value":20000,"appName":"danxils-commons","application_name":"danxils-commons"}
{"@timestamp":"2025-11-27T14:49:31.346281+01:00","@version":"1","log_message":"Importowanie danych mapowych... To może zająć kilka minut przy pierwszym uruchomieniu.","logger_name":"com.example.planning_service.config.GraphHopperConfig","thread_name":"main","level":"INFO","level_value":20000,"appName":"danxils-commons","application_name":"danxils-commons"}
{"@timestamp":"2025-11-27T14:49:31.567576+01:00","@version":"1","log_message":"There are no CHs to prepare","logger_name":"com.graphhopper.routing.ch.CHPreparationHandler","thread_name":"main","level":"INFO","level_value":20000,"appName":"danxils-commons","application_name":"danxils-commons"}
{"@timestamp":"2025-11-27T14:49:31.569627+01:00","@version":"1","log_message":"version 8.0|2023-10-17T10:01:00Z (9,21,6,5,2,9)","logger_name":"com.graphhopper.GraphHopper","thread_name":"main","level":"INFO","level_value":20000,"appName":"danxils-commons","application_name":"danxils-commons"}
{"@timestamp":"2025-11-27T14:49:31.569968+01:00","@version":"1","log_message":"graph car|RAM_STORE|2D|no_turn_cost|nodes:9,edges:21,geometry:6,location_index:5,string_index:2,nodesCH:0,shortcuts:9, details:edges: 6,827(1MB), nodes: 5,224(1MB), bounds: 7.4064367,7.4447259,43.7232244,43.7543687, name:(1MB), geo:11,672(1MB)","logger_name":"com.graphhopper.GraphHopper","thread_name":"main","level":"INFO","level_value":20000,"appName":"danxils-commons","application_name":"danxils-commons"}
{"@timestamp":"2025-11-27T14:49:31.57001+01:00","@version":"1","log_message":"Inicjalizacja GraphHopper zakończona pomyślnie.","logger_name":"com.example.planning_service.config.GraphHopperConfig","thread_name":"main","level":"INFO","level_value":20000,"appName":"danxils-commons","application_name":"danxils-commons"}
{"@timestamp":"2025-11-27T14:49:32.316563+01:00","@version":"1","log_message":"spring.jpa.open-in-view is enabled by default. Therefore, database queries may be performed during view rendering. Explicitly configure spring.jpa.open-in-view to disable this warning","logger_name":"org.springframework.boot.autoconfigure.orm.jpa.JpaBaseConfiguration$JpaWebConfiguration","thread_name":"main","level":"WARN","level_value":30000,"appName":"danxils-commons","application_name":"danxils-commons"}
{"@timestamp":"2025-11-27T14:49:32.685878+01:00","@version":"1","log_message":"\n\nUsing generated security password: e95f6938-8671-466d-b12f-93cae4d2f0cc\n\nThis generated password is for development use only. Your security configuration must be updated before running your application in production.\n","logger_name":"org.springframework.boot.autoconfigure.security.servlet.UserDetailsServiceAutoConfiguration","thread_name":"main","level":"WARN","level_value":30000,"appName":"danxils-commons","application_name":"danxils-commons"}
{"@timestamp":"2025-11-27T14:49:32.977347+01:00","@version":"1","log_message":"Exposing 2 endpoint(s) beneath base path '/actuator'","logger_name":"org.springframework.boot.actuate.endpoint.web.EndpointLinksResolver","thread_name":"main","level":"INFO","level_value":20000,"appName":"danxils-commons","application_name":"danxils-commons"}
{"@timestamp":"2025-11-27T14:49:33.030166+01:00","@version":"1","log_message":"Will secure any request with [org.springframework.security.web.session.DisableEncodeUrlFilter@40dac99d, org.springframework.security.web.context.request.async.WebAsyncManagerIntegrationFilter@10832790, org.springframework.security.web.context.SecurityContextHolderFilter@32b72d9d, org.springframework.security.web.header.HeaderWriterFilter@5c2424a0, org.springframework.web.filter.CorsFilter@5f80ae28, org.springframework.security.web.authentication.logout.LogoutFilter@35219634, com.example.danxils_commons.security.JwtAuthFilter@c96c497, org.springframework.security.web.savedrequest.RequestCacheAwareFilter@36901f79, org.springframework.security.web.servletapi.SecurityContextHolderAwareRequestFilter@69b039f6, org.springframework.security.web.authentication.AnonymousAuthenticationFilter@2f673679, org.springframework.security.web.session.SessionManagementFilter@6de41f86, org.springframework.security.web.access.ExceptionTranslationFilter@7b14953f, org.springframework.security.web.access.intercept.AuthorizationFilter@18690d13]","logger_name":"org.springframework.security.web.DefaultSecurityFilterChain","thread_name":"main","level":"INFO","level_value":20000,"appName":"danxils-commons","application_name":"danxils-commons"}
{"@timestamp":"2025-11-27T14:49:33.786315+01:00","@version":"1","log_message":"Starting ProtocolHandler [\"http-nio-8092\"]","logger_name":"org.apache.coyote.http11.Http11NioProtocol","thread_name":"main","level":"INFO","level_value":20000,"appName":"danxils-commons","application_name":"danxils-commons"}
{"@timestamp":"2025-11-27T14:49:33.790441+01:00","@version":"1","log_message":"Exception encountered during context initialization - cancelling refresh attempt: org.springframework.context.ApplicationContextException: Failed to start bean 'webServerStartStop'","logger_name":"org.springframework.boot.web.servlet.context.AnnotationConfigServletWebServerApplicationContext","thread_name":"main","level":"WARN","level_value":30000,"appName":"danxils-commons","application_name":"danxils-commons"}
{"@timestamp":"2025-11-27T14:49:33.797733+01:00","@version":"1","log_message":"Closing JPA EntityManagerFactory for persistence unit 'default'","logger_name":"org.springframework.orm.jpa.LocalContainerEntityManagerFactoryBean","thread_name":"main","level":"INFO","level_value":20000,"appName":"danxils-commons","application_name":"danxils-commons"}
{"@timestamp":"2025-11-27T14:49:33.799376+01:00","@version":"1","log_message":"HikariPool-1 - Shutdown initiated...","logger_name":"com.zaxxer.hikari.HikariDataSource","thread_name":"main","level":"INFO","level_value":20000,"appName":"danxils-commons","application_name":"danxils-commons"}
{"@timestamp":"2025-11-27T14:49:33.818744+01:00","@version":"1","log_message":"HikariPool-1 - Shutdown completed.","logger_name":"com.zaxxer.hikari.HikariDataSource","thread_name":"main","level":"INFO","level_value":20000,"appName":"danxils-commons","application_name":"danxils-commons"}
{"@timestamp":"2025-11-27T14:49:34.837905+01:00","@version":"1","log_message":"\n\nError starting ApplicationContext. To display the condition evaluation report re-run your application with 'debug' enabled.","logger_name":"org.springframework.boot.autoconfigure.logging.ConditionEvaluationReportLogger","thread_name":"main","level":"INFO","level_value":20000,"appName":"danxils-commons","application_name":"danxils-commons"}
{"@timestamp":"2025-11-27T14:49:34.845668+01:00","@version":"1","log_message":"\n\n***************************\nAPPLICATION FAILED TO START\n***************************\n\nDescription:\n\nWeb server failed to start. Port 8092 was already in use.\n\nAction:\n\nIdentify and stop the process that's listening on port 8092 or configure this application to listen on another port.\n","logger_name":"org.springframework.boot.diagnostics.LoggingFailureAnalysisReporter","thread_name":"main","level":"ERROR","level_value":40000,"appName":"danxils-commons","application_name":"danxils-commons"}
[INFO] ------------------------------------------------------------------------
[INFO] BUILD FAILURE
[INFO] ------------------------------------------------------------------------
[INFO] Total time:  9.020 s
[INFO] Finished at: 2025-11-27T14:49:34+01:00
[INFO] ------------------------------------------------------------------------
[ERROR] Failed to execute goal org.springframework.boot:spring-boot-maven-plugin:3.2.5:run (default-cli) on project planning-service: Process terminated with exit code: 1 -> [Help 1]
[ERROR] 
[ERROR] To see the full stack trace of the errors, re-run Maven with the -e switch.
[ERROR] Re-run Maven using the -X switch to enable full debug logging.
[ERROR] 
[ERROR] For more information about the errors and possible solutions, please read the following articles:
[ERROR] [Help 1] http://cwiki.apache.org/confluence/display/MAVEN/MojoExecutionException
