[INFO] Scanning for projects...
[INFO] 
[INFO] --------------------< com.danxils:planning-service >--------------------
[INFO] Building planning-service 1.0.0-SNAPSHOT
[INFO]   from pom.xml
[INFO] --------------------------------[ jar ]---------------------------------
[INFO] 
[INFO] >>> spring-boot:3.2.5:run (default-cli) > test-compile @ planning-service >>>
[INFO] 
[INFO] --- resources:3.3.1:resources (default-resources) @ planning-service ---
[INFO] Copying 1 resource from src/main/resources to target/classes
[INFO] Copying 2 resources from src/main/resources to target/classes
[INFO] 
[INFO] --- compiler:3.13.0:compile (default-compile) @ planning-service ---
[INFO] Nothing to compile - all classes are up to date.
[INFO] 
[INFO] --- resources:3.3.1:testResources (default-testResources) @ planning-service ---
[INFO] skip non existing resourceDirectory /Users/VoidTracker/modules/flux/planning-service/src/test/resources
[INFO] 
[INFO] --- compiler:3.13.0:testCompile (default-testCompile) @ planning-service ---
[INFO] Nothing to compile - all classes are up to date.
[INFO] 
[INFO] <<< spring-boot:3.2.5:run (default-cli) < test-compile @ planning-service <<<
[INFO] 
[INFO] 
[INFO] --- spring-boot:3.2.5:run (default-cli) @ planning-service ---
[INFO] Attaching agents: []

  .   ____          _            __ _ _
 /\\ / ___'_ __ _ _(_)_ __  __ _ \ \ \ \
( ( )\___ | '_ | '_| | '_ \/ _` | \ \ \ \
 \\/  ___)| |_)| | | | | || (_| |  ) ) ) )
  '  |____| .__|_| |_|_| |_\__, | / / / /
 =========|_|==============|___/=/_/_/_/
[32m :: Spring Boot :: [39m              [2m (v3.2.5)[0;39m

{"@timestamp":"2026-01-05T15:28:54.384745+01:00","@version":"1","log_message":"HV000001: Hibernate Validator 8.0.1.Final","logger_name":"org.hibernate.validator.internal.util.Version","thread_name":"background-preinit","level":"INFO","level_value":20000,"appName":"danxils-commons","application_name":"danxils-commons"}
{"@timestamp":"2026-01-05T15:28:54.414006+01:00","@version":"1","log_message":"Starting PlanningServiceApplication using Java 23.0.2 with PID 70507 (/Users/VoidTracker/modules/flux/planning-service/target/classes started by cruz in /Users/VoidTracker/modules/flux/planning-service)","logger_name":"com.example.planning_service.PlanningServiceApplication","thread_name":"main","level":"INFO","level_value":20000,"appName":"danxils-commons","application_name":"danxils-commons"}
{"@timestamp":"2026-01-05T15:28:54.414852+01:00","@version":"1","log_message":"No active profile set, falling back to 1 default profile: \"default\"","logger_name":"com.example.planning_service.PlanningServiceApplication","thread_name":"main","level":"INFO","level_value":20000,"appName":"danxils-commons","application_name":"danxils-commons"}
{"@timestamp":"2026-01-05T15:28:54.969702+01:00","@version":"1","log_message":"Multiple Spring Data modules found, entering strict repository configuration mode","logger_name":"org.springframework.data.repository.config.RepositoryConfigurationDelegate","thread_name":"main","level":"INFO","level_value":20000,"appName":"danxils-commons","application_name":"danxils-commons"}
{"@timestamp":"2026-01-05T15:28:54.970276+01:00","@version":"1","log_message":"Bootstrapping Spring Data Neo4j repositories in DEFAULT mode.","logger_name":"org.springframework.data.repository.config.RepositoryConfigurationDelegate","thread_name":"main","level":"INFO","level_value":20000,"appName":"danxils-commons","application_name":"danxils-commons"}
{"@timestamp":"2026-01-05T15:28:55.049489+01:00","@version":"1","log_message":"Finished Spring Data repository scanning in 76 ms. Found 3 Neo4j repository interfaces.","logger_name":"org.springframework.data.repository.config.RepositoryConfigurationDelegate","thread_name":"main","level":"INFO","level_value":20000,"appName":"danxils-commons","application_name":"danxils-commons"}
{"@timestamp":"2026-01-05T15:28:55.350711+01:00","@version":"1","log_message":"Multiple Spring Data modules found, entering strict repository configuration mode","logger_name":"org.springframework.data.repository.config.RepositoryConfigurationDelegate","thread_name":"main","level":"INFO","level_value":20000,"appName":"danxils-commons","application_name":"danxils-commons"}
{"@timestamp":"2026-01-05T15:28:55.351203+01:00","@version":"1","log_message":"Bootstrapping Spring Data JPA repositories in DEFAULT mode.","logger_name":"org.springframework.data.repository.config.RepositoryConfigurationDelegate","thread_name":"main","level":"INFO","level_value":20000,"appName":"danxils-commons","application_name":"danxils-commons"}
{"@timestamp":"2026-01-05T15:28:55.379379+01:00","@version":"1","log_message":"Spring Data JPA - Could not safely identify store assignment for repository candidate interface com.example.planning_service.repository.graph.GraphDriverRepository; If you want this repository to be a JPA repository, consider annotating your entities with one of these annotations: jakarta.persistence.Entity, jakarta.persistence.MappedSuperclass (preferred), or consider extending one of the following types with your repository: org.springframework.data.jpa.repository.JpaRepository","logger_name":"org.springframework.data.repository.config.RepositoryConfigurationExtensionSupport","thread_name":"main","level":"INFO","level_value":20000,"appName":"danxils-commons","application_name":"danxils-commons"}
{"@timestamp":"2026-01-05T15:28:55.37975+01:00","@version":"1","log_message":"Spring Data JPA - Could not safely identify store assignment for repository candidate interface com.example.planning_service.repository.graph.GraphRouteRepository; If you want this repository to be a JPA repository, consider annotating your entities with one of these annotations: jakarta.persistence.Entity, jakarta.persistence.MappedSuperclass (preferred), or consider extending one of the following types with your repository: org.springframework.data.jpa.repository.JpaRepository","logger_name":"org.springframework.data.repository.config.RepositoryConfigurationExtensionSupport","thread_name":"main","level":"INFO","level_value":20000,"appName":"danxils-commons","application_name":"danxils-commons"}
{"@timestamp":"2026-01-05T15:28:55.379989+01:00","@version":"1","log_message":"Spring Data JPA - Could not safely identify store assignment for repository candidate interface com.example.planning_service.repository.graph.LocationRepository; If you want this repository to be a JPA repository, consider annotating your entities with one of these annotations: jakarta.persistence.Entity, jakarta.persistence.MappedSuperclass (preferred), or consider extending one of the following types with your repository: org.springframework.data.jpa.repository.JpaRepository","logger_name":"org.springframework.data.repository.config.RepositoryConfigurationExtensionSupport","thread_name":"main","level":"INFO","level_value":20000,"appName":"danxils-commons","application_name":"danxils-commons"}
{"@timestamp":"2026-01-05T15:28:55.393466+01:00","@version":"1","log_message":"Finished Spring Data repository scanning in 40 ms. Found 24 JPA repository interfaces.","logger_name":"org.springframework.data.repository.config.RepositoryConfigurationDelegate","thread_name":"main","level":"INFO","level_value":20000,"appName":"danxils-commons","application_name":"danxils-commons"}
{"@timestamp":"2026-01-05T15:28:55.410846+01:00","@version":"1","log_message":"Multiple Spring Data modules found, entering strict repository configuration mode","logger_name":"org.springframework.data.repository.config.RepositoryConfigurationDelegate","thread_name":"main","level":"INFO","level_value":20000,"appName":"danxils-commons","application_name":"danxils-commons"}
{"@timestamp":"2026-01-05T15:28:55.411013+01:00","@version":"1","log_message":"Bootstrapping Spring Data Neo4j repositories in DEFAULT mode.","logger_name":"org.springframework.data.repository.config.RepositoryConfigurationDelegate","thread_name":"main","level":"INFO","level_value":20000,"appName":"danxils-commons","application_name":"danxils-commons"}
{"@timestamp":"2026-01-05T15:28:55.416473+01:00","@version":"1","log_message":"Spring Data Neo4j - Could not safely identify store assignment for repository candidate interface com.example.planning_service.repository.BusinessRuleRepository; If you want this repository to be a Neo4j repository, consider annotating your entities with one of these annotations: org.springframework.data.neo4j.core.schema.Node, org.springframework.data.neo4j.core.schema.RelationshipProperties (preferred), or consider extending one of the following types with your repository: org.springframework.data.neo4j.repository.ReactiveNeo4jRepository","logger_name":"org.springframework.data.repository.config.RepositoryConfigurationExtensionSupport","thread_name":"main","level":"INFO","level_value":20000,"appName":"danxils-commons","application_name":"danxils-commons"}
{"@timestamp":"2026-01-05T15:28:55.416692+01:00","@version":"1","log_message":"Spring Data Neo4j - Could not safely identify store assignment for repository candidate interface com.example.planning_service.repository.CarrierComplianceRepository; If you want this repository to be a Neo4j repository, consider annotating your entities with one of these annotations: org.springframework.data.neo4j.core.schema.Node, org.springframework.data.neo4j.core.schema.RelationshipProperties (preferred), or consider extending one of the following types with your repository: org.springframework.data.neo4j.repository.ReactiveNeo4jRepository","logger_name":"org.springframework.data.repository.config.RepositoryConfigurationExtensionSupport","thread_name":"main","level":"INFO","level_value":20000,"appName":"danxils-commons","application_name":"danxils-commons"}
{"@timestamp":"2026-01-05T15:28:55.416784+01:00","@version":"1","log_message":"Spring Data Neo4j - Could not safely identify store assignment for repository candidate interface com.example.planning_service.repository.CommunicationLogRepository; If you want this repository to be a Neo4j repository, consider annotating your entities with one of these annotations: org.springframework.data.neo4j.core.schema.Node, org.springframework.data.neo4j.core.schema.RelationshipProperties (preferred), or consider extending one of the following types with your repository: org.springframework.data.neo4j.repository.ReactiveNeo4jRepository","logger_name":"org.springframework.data.repository.config.RepositoryConfigurationExtensionSupport","thread_name":"main","level":"INFO","level_value":20000,"appName":"danxils-commons","application_name":"danxils-commons"}
{"@timestamp":"2026-01-05T15:28:55.416874+01:00","@version":"1","log_message":"Spring Data Neo4j - Could not safely identify store assignment for repository candidate interface com.example.planning_service.repository.DriverSessionRepository; If you want this repository to be a Neo4j repository, consider annotating your entities with one of these annotations: org.springframework.data.neo4j.core.schema.Node, org.springframework.data.neo4j.core.schema.RelationshipProperties (preferred), or consider extending one of the following types with your repository: org.springframework.data.neo4j.repository.ReactiveNeo4jRepository","logger_name":"org.springframework.data.repository.config.RepositoryConfigurationExtensionSupport","thread_name":"main","level":"INFO","level_value":20000,"appName":"danxils-commons","application_name":"danxils-commons"}
{"@timestamp":"2026-01-05T15:28:55.416955+01:00","@version":"1","log_message":"Spring Data Neo4j - Could not safely identify store assignment for repository candidate interface com.example.planning_service.repository.DriverTaskRepository; If you want this repository to be a Neo4j repository, consider annotating your entities with one of these annotations: org.springframework.data.neo4j.core.schema.Node, org.springframework.data.neo4j.core.schema.RelationshipProperties (preferred), or consider extending one of the following types with your repository: org.springframework.data.neo4j.repository.ReactiveNeo4jRepository","logger_name":"org.springframework.data.repository.config.RepositoryConfigurationExtensionSupport","thread_name":"main","level":"INFO","level_value":20000,"appName":"danxils-commons","application_name":"danxils-commons"}
{"@timestamp":"2026-01-05T15:28:55.417109+01:00","@version":"1","log_message":"Spring Data Neo4j - Could not safely identify store assignment for repository candidate interface com.example.planning_service.repository.DriverWorkflowConfigRepository; If you want this repository to be a Neo4j repository, consider annotating your entities with one of these annotations: org.springframework.data.neo4j.core.schema.Node, org.springframework.data.neo4j.core.schema.RelationshipProperties (preferred), or consider extending one of the following types with your repository: org.springframework.data.neo4j.repository.ReactiveNeo4jRepository","logger_name":"org.springframework.data.repository.config.RepositoryConfigurationExtensionSupport","thread_name":"main","level":"INFO","level_value":20000,"appName":"danxils-commons","application_name":"danxils-commons"}
{"@timestamp":"2026-01-05T15:28:55.417213+01:00","@version":"1","log_message":"Spring Data Neo4j - Could not safely identify store assignment for repository candidate interface com.example.planning_service.repository.FleetVehicleRepository; If you want this repository to be a Neo4j repository, consider annotating your entities with one of these annotations: org.springframework.data.neo4j.core.schema.Node, org.springframework.data.neo4j.core.schema.RelationshipProperties (preferred), or consider extending one of the following types with your repository: org.springframework.data.neo4j.repository.ReactiveNeo4jRepository","logger_name":"org.springframework.data.repository.config.RepositoryConfigurationExtensionSupport","thread_name":"main","level":"INFO","level_value":20000,"appName":"danxils-commons","application_name":"danxils-commons"}
{"@timestamp":"2026-01-05T15:28:55.417308+01:00","@version":"1","log_message":"Spring Data Neo4j - Could not safely identify store assignment for repository candidate interface com.example.planning_service.repository.HubRepository; If you want this repository to be a Neo4j repository, consider annotating your entities with one of these annotations: org.springframework.data.neo4j.core.schema.Node, org.springframework.data.neo4j.core.schema.RelationshipProperties (preferred), or consider extending one of the following types with your repository: org.springframework.data.neo4j.repository.ReactiveNeo4jRepository","logger_name":"org.springframework.data.repository.config.RepositoryConfigurationExtensionSupport","thread_name":"main","level":"INFO","level_value":20000,"appName":"danxils-commons","application_name":"danxils-commons"}
{"@timestamp":"2026-01-05T15:28:55.417398+01:00","@version":"1","log_message":"Spring Data Neo4j - Could not safely identify store assignment for repository candidate interface com.example.planning_service.repository.ManifestRepository; If you want this repository to be a Neo4j repository, consider annotating your entities with one of these annotations: org.springframework.data.neo4j.core.schema.Node, org.springframework.data.neo4j.core.schema.RelationshipProperties (preferred), or consider extending one of the following types with your repository: org.springframework.data.neo4j.repository.ReactiveNeo4jRepository","logger_name":"org.springframework.data.repository.config.RepositoryConfigurationExtensionSupport","thread_name":"main","level":"INFO","level_value":20000,"appName":"danxils-commons","application_name":"danxils-commons"}
{"@timestamp":"2026-01-05T15:28:55.417494+01:00","@version":"1","log_message":"Spring Data Neo4j - Could not safely identify store assignment for repository candidate interface com.example.planning_service.repository.MilkrunTemplateRepository; If you want this repository to be a Neo4j repository, consider annotating your entities with one of these annotations: org.springframework.data.neo4j.core.schema.Node, org.springframework.data.neo4j.core.schema.RelationshipProperties (preferred), or consider extending one of the following types with your repository: org.springframework.data.neo4j.repository.ReactiveNeo4jRepository","logger_name":"org.springframework.data.repository.config.RepositoryConfigurationExtensionSupport","thread_name":"main","level":"INFO","level_value":20000,"appName":"danxils-commons","application_name":"danxils-commons"}
{"@timestamp":"2026-01-05T15:28:55.417587+01:00","@version":"1","log_message":"Spring Data Neo4j - Could not safely identify store assignment for repository candidate interface com.example.planning_service.repository.OptimizationProfileRepository; If you want this repository to be a Neo4j repository, consider annotating your entities with one of these annotations: org.springframework.data.neo4j.core.schema.Node, org.springframework.data.neo4j.core.schema.RelationshipProperties (preferred), or consider extending one of the following types with your repository: org.springframework.data.neo4j.repository.ReactiveNeo4jRepository","logger_name":"org.springframework.data.repository.config.RepositoryConfigurationExtensionSupport","thread_name":"main","level":"INFO","level_value":20000,"appName":"danxils-commons","application_name":"danxils-commons"}
{"@timestamp":"2026-01-05T15:28:55.417665+01:00","@version":"1","log_message":"Spring Data Neo4j - Could not safely identify store assignment for repository candidate interface com.example.planning_service.repository.OptimizationSolutionRepository; If you want this repository to be a Neo4j repository, consider annotating your entities with one of these annotations: org.springframework.data.neo4j.core.schema.Node, org.springframework.data.neo4j.core.schema.RelationshipProperties (preferred), or consider extending one of the following types with your repository: org.springframework.data.neo4j.repository.ReactiveNeo4jRepository","logger_name":"org.springframework.data.repository.config.RepositoryConfigurationExtensionSupport","thread_name":"main","level":"INFO","level_value":20000,"appName":"danxils-commons","application_name":"danxils-commons"}
{"@timestamp":"2026-01-05T15:28:55.417782+01:00","@version":"1","log_message":"Spring Data Neo4j - Could not safely identify store assignment for repository candidate interface com.example.planning_service.repository.OrderTileBindingRepository; If you want this repository to be a Neo4j repository, consider annotating your entities with one of these annotations: org.springframework.data.neo4j.core.schema.Node, org.springframework.data.neo4j.core.schema.RelationshipProperties (preferred), or consider extending one of the following types with your repository: org.springframework.data.neo4j.repository.ReactiveNeo4jRepository","logger_name":"org.springframework.data.repository.config.RepositoryConfigurationExtensionSupport","thread_name":"main","level":"INFO","level_value":20000,"appName":"danxils-commons","application_name":"danxils-commons"}
{"@timestamp":"2026-01-05T15:28:55.417875+01:00","@version":"1","log_message":"Spring Data Neo4j - Could not safely identify store assignment for repository candidate interface com.example.planning_service.repository.PlannedRouteRepository; If you want this repository to be a Neo4j repository, consider annotating your entities with one of these annotations: org.springframework.data.neo4j.core.schema.Node, org.springframework.data.neo4j.core.schema.RelationshipProperties (preferred), or consider extending one of the following types with your repository: org.springframework.data.neo4j.repository.ReactiveNeo4jRepository","logger_name":"org.springframework.data.repository.config.RepositoryConfigurationExtensionSupport","thread_name":"main","level":"INFO","level_value":20000,"appName":"danxils-commons","application_name":"danxils-commons"}
{"@timestamp":"2026-01-05T15:28:55.417953+01:00","@version":"1","log_message":"Spring Data Neo4j - Could not safely identify store assignment for repository candidate interface com.example.planning_service.repository.PostalCodeRuleRepository; If you want this repository to be a Neo4j repository, consider annotating your entities with one of these annotations: org.springframework.data.neo4j.core.schema.Node, org.springframework.data.neo4j.core.schema.RelationshipProperties (preferred), or consider extending one of the following types with your repository: org.springframework.data.neo4j.repository.ReactiveNeo4jRepository","logger_name":"org.springframework.data.repository.config.RepositoryConfigurationExtensionSupport","thread_name":"main","level":"INFO","level_value":20000,"appName":"danxils-commons","application_name":"danxils-commons"}
{"@timestamp":"2026-01-05T15:28:55.41804+01:00","@version":"1","log_message":"Spring Data Neo4j - Could not safely identify store assignment for repository candidate interface com.example.planning_service.repository.RoutePlanRepository; If you want this repository to be a Neo4j repository, consider annotating your entities with one of these annotations: org.springframework.data.neo4j.core.schema.Node, org.springframework.data.neo4j.core.schema.RelationshipProperties (preferred), or consider extending one of the following types with your repository: org.springframework.data.neo4j.repository.ReactiveNeo4jRepository","logger_name":"org.springframework.data.repository.config.RepositoryConfigurationExtensionSupport","thread_name":"main","level":"INFO","level_value":20000,"appName":"danxils-commons","application_name":"danxils-commons"}
{"@timestamp":"2026-01-05T15:28:55.418579+01:00","@version":"1","log_message":"Spring Data Neo4j - Could not safely identify store assignment for repository candidate interface com.example.planning_service.repository.RouteRepository; If you want this repository to be a Neo4j repository, consider annotating your entities with one of these annotations: org.springframework.data.neo4j.core.schema.Node, org.springframework.data.neo4j.core.schema.RelationshipProperties (preferred), or consider extending one of the following types with your repository: org.springframework.data.neo4j.repository.ReactiveNeo4jRepository","logger_name":"org.springframework.data.repository.config.RepositoryConfigurationExtensionSupport","thread_name":"main","level":"INFO","level_value":20000,"appName":"danxils-commons","application_name":"danxils-commons"}
{"@timestamp":"2026-01-05T15:28:55.418706+01:00","@version":"1","log_message":"Spring Data Neo4j - Could not safely identify store assignment for repository candidate interface com.example.planning_service.repository.RouteStopRepository; If you want this repository to be a Neo4j repository, consider annotating your entities with one of these annotations: org.springframework.data.neo4j.core.schema.Node, org.springframework.data.neo4j.core.schema.RelationshipProperties (preferred), or consider extending one of the following types with your repository: org.springframework.data.neo4j.repository.ReactiveNeo4jRepository","logger_name":"org.springframework.data.repository.config.RepositoryConfigurationExtensionSupport","thread_name":"main","level":"INFO","level_value":20000,"appName":"danxils-commons","application_name":"danxils-commons"}
{"@timestamp":"2026-01-05T15:28:55.418797+01:00","@version":"1","log_message":"Spring Data Neo4j - Could not safely identify store assignment for repository candidate interface com.example.planning_service.repository.TileTagRepository; If you want this repository to be a Neo4j repository, consider annotating your entities with one of these annotations: org.springframework.data.neo4j.core.schema.Node, org.springframework.data.neo4j.core.schema.RelationshipProperties (preferred), or consider extending one of the following types with your repository: org.springframework.data.neo4j.repository.ReactiveNeo4jRepository","logger_name":"org.springframework.data.repository.config.RepositoryConfigurationExtensionSupport","thread_name":"main","level":"INFO","level_value":20000,"appName":"danxils-commons","application_name":"danxils-commons"}
{"@timestamp":"2026-01-05T15:28:55.418878+01:00","@version":"1","log_message":"Spring Data Neo4j - Could not safely identify store assignment for repository candidate interface com.example.planning_service.repository.VehicleCheckRepository; If you want this repository to be a Neo4j repository, consider annotating your entities with one of these annotations: org.springframework.data.neo4j.core.schema.Node, org.springframework.data.neo4j.core.schema.RelationshipProperties (preferred), or consider extending one of the following types with your repository: org.springframework.data.neo4j.repository.ReactiveNeo4jRepository","logger_name":"org.springframework.data.repository.config.RepositoryConfigurationExtensionSupport","thread_name":"main","level":"INFO","level_value":20000,"appName":"danxils-commons","application_name":"danxils-commons"}
{"@timestamp":"2026-01-05T15:28:55.418969+01:00","@version":"1","log_message":"Spring Data Neo4j - Could not safely identify store assignment for repository candidate interface com.example.planning_service.repository.VehicleProfileRepository; If you want this repository to be a Neo4j repository, consider annotating your entities with one of these annotations: org.springframework.data.neo4j.core.schema.Node, org.springframework.data.neo4j.core.schema.RelationshipProperties (preferred), or consider extending one of the following types with your repository: org.springframework.data.neo4j.repository.ReactiveNeo4jRepository","logger_name":"org.springframework.data.repository.config.RepositoryConfigurationExtensionSupport","thread_name":"main","level":"INFO","level_value":20000,"appName":"danxils-commons","application_name":"danxils-commons"}
{"@timestamp":"2026-01-05T15:28:55.419068+01:00","@version":"1","log_message":"Spring Data Neo4j - Could not safely identify store assignment for repository candidate interface com.example.planning_service.repository.ViewConfigurationRepository; If you want this repository to be a Neo4j repository, consider annotating your entities with one of these annotations: org.springframework.data.neo4j.core.schema.Node, org.springframework.data.neo4j.core.schema.RelationshipProperties (preferred), or consider extending one of the following types with your repository: org.springframework.data.neo4j.repository.ReactiveNeo4jRepository","logger_name":"org.springframework.data.repository.config.RepositoryConfigurationExtensionSupport","thread_name":"main","level":"INFO","level_value":20000,"appName":"danxils-commons","application_name":"danxils-commons"}
{"@timestamp":"2026-01-05T15:28:55.419143+01:00","@version":"1","log_message":"Spring Data Neo4j - Could not safely identify store assignment for repository candidate interface com.example.planning_service.repository.WebhookConfigRepository; If you want this repository to be a Neo4j repository, consider annotating your entities with one of these annotations: org.springframework.data.neo4j.core.schema.Node, org.springframework.data.neo4j.core.schema.RelationshipProperties (preferred), or consider extending one of the following types with your repository: org.springframework.data.neo4j.repository.ReactiveNeo4jRepository","logger_name":"org.springframework.data.repository.config.RepositoryConfigurationExtensionSupport","thread_name":"main","level":"INFO","level_value":20000,"appName":"danxils-commons","application_name":"danxils-commons"}
{"@timestamp":"2026-01-05T15:28:55.419218+01:00","@version":"1","log_message":"Spring Data Neo4j - Could not safely identify store assignment for repository candidate interface com.example.planning_service.repository.ZoneDefinitionRepository; If you want this repository to be a Neo4j repository, consider annotating your entities with one of these annotations: org.springframework.data.neo4j.core.schema.Node, org.springframework.data.neo4j.core.schema.RelationshipProperties (preferred), or consider extending one of the following types with your repository: org.springframework.data.neo4j.repository.ReactiveNeo4jRepository","logger_name":"org.springframework.data.repository.config.RepositoryConfigurationExtensionSupport","thread_name":"main","level":"INFO","level_value":20000,"appName":"danxils-commons","application_name":"danxils-commons"}
{"@timestamp":"2026-01-05T15:28:55.419953+01:00","@version":"1","log_message":"Finished Spring Data repository scanning in 8 ms. Found 0 Neo4j repository interfaces.","logger_name":"org.springframework.data.repository.config.RepositoryConfigurationDelegate","thread_name":"main","level":"INFO","level_value":20000,"appName":"danxils-commons","application_name":"danxils-commons"}
{"@timestamp":"2026-01-05T15:28:56.050413+01:00","@version":"1","log_message":"BeanFactory id=233d9196-654b-3b6f-b5bd-0dff2c7c2296","logger_name":"org.springframework.cloud.context.scope.GenericScope","thread_name":"main","level":"INFO","level_value":20000,"appName":"danxils-commons","application_name":"danxils-commons"}
{"@timestamp":"2026-01-05T15:28:56.314719+01:00","@version":"1","log_message":"Bean 'org.springframework.cloud.client.loadbalancer.LoadBalancerAutoConfiguration$DeferringLoadBalancerInterceptorConfig' of type [org.springframework.cloud.client.loadbalancer.LoadBalancerAutoConfiguration$DeferringLoadBalancerInterceptorConfig] is not eligible for getting processed by all BeanPostProcessors (for example: not eligible for auto-proxying). The currently created BeanPostProcessor [lbRestClientPostProcessor] is declared through a non-static factory method on that class; consider declaring it as static instead.","logger_name":"org.springframework.context.support.PostProcessorRegistrationDelegate$BeanPostProcessorChecker","thread_name":"main","level":"WARN","level_value":30000,"appName":"danxils-commons","application_name":"danxils-commons"}
{"@timestamp":"2026-01-05T15:28:56.318058+01:00","@version":"1","log_message":"Bean 'deferringLoadBalancerInterceptor' of type [org.springframework.cloud.client.loadbalancer.DeferringLoadBalancerInterceptor] is not eligible for getting processed by all BeanPostProcessors (for example: not eligible for auto-proxying). Is this bean getting eagerly injected into a currently created BeanPostProcessor [lbRestClientPostProcessor]? Check the corresponding BeanPostProcessor declaration and its dependencies.","logger_name":"org.springframework.context.support.PostProcessorRegistrationDelegate$BeanPostProcessorChecker","thread_name":"main","level":"WARN","level_value":30000,"appName":"danxils-commons","application_name":"danxils-commons"}
{"@timestamp":"2026-01-05T15:28:56.51482+01:00","@version":"1","log_message":"Tomcat initialized with port 8093 (http)","logger_name":"org.springframework.boot.web.embedded.tomcat.TomcatWebServer","thread_name":"main","level":"INFO","level_value":20000,"appName":"danxils-commons","application_name":"danxils-commons"}
{"@timestamp":"2026-01-05T15:28:56.521485+01:00","@version":"1","log_message":"Initializing ProtocolHandler [\"http-nio-8093\"]","logger_name":"org.apache.coyote.http11.Http11NioProtocol","thread_name":"main","level":"INFO","level_value":20000,"appName":"danxils-commons","application_name":"danxils-commons"}
{"@timestamp":"2026-01-05T15:28:56.522622+01:00","@version":"1","log_message":"Starting service [Tomcat]","logger_name":"org.apache.catalina.core.StandardService","thread_name":"main","level":"INFO","level_value":20000,"appName":"danxils-commons","application_name":"danxils-commons"}
{"@timestamp":"2026-01-05T15:28:56.522715+01:00","@version":"1","log_message":"Starting Servlet engine: [Apache Tomcat/10.1.20]","logger_name":"org.apache.catalina.core.StandardEngine","thread_name":"main","level":"INFO","level_value":20000,"appName":"danxils-commons","application_name":"danxils-commons"}
{"@timestamp":"2026-01-05T15:28:56.557431+01:00","@version":"1","log_message":"Initializing Spring embedded WebApplicationContext","logger_name":"org.apache.catalina.core.ContainerBase.[Tomcat].[localhost].[/]","thread_name":"main","level":"INFO","level_value":20000,"appName":"danxils-commons","application_name":"danxils-commons"}
{"@timestamp":"2026-01-05T15:28:56.557917+01:00","@version":"1","log_message":"Root WebApplicationContext: initialization completed in 2111 ms","logger_name":"org.springframework.boot.web.servlet.context.ServletWebServerApplicationContext","thread_name":"main","level":"INFO","level_value":20000,"appName":"danxils-commons","application_name":"danxils-commons"}
{"@timestamp":"2026-01-05T15:28:56.991069+01:00","@version":"1","log_message":"HHH000204: Processing PersistenceUnitInfo [name: default]","logger_name":"org.hibernate.jpa.internal.util.LogHelper","thread_name":"main","level":"INFO","level_value":20000,"appName":"danxils-commons","application_name":"danxils-commons"}
{"@timestamp":"2026-01-05T15:28:57.027491+01:00","@version":"1","log_message":"HHH000412: Hibernate ORM core version 6.4.4.Final","logger_name":"org.hibernate.Version","thread_name":"main","level":"INFO","level_value":20000,"appName":"danxils-commons","application_name":"danxils-commons"}
{"@timestamp":"2026-01-05T15:28:57.03399+01:00","@version":"1","log_message":"HHH80000001: hibernate-spatial integration enabled : true","logger_name":"org.hibernate.spatial.integration.SpatialService","thread_name":"main","level":"INFO","level_value":20000,"appName":"danxils-commons","application_name":"danxils-commons"}
{"@timestamp":"2026-01-05T15:28:57.051553+01:00","@version":"1","log_message":"HHH000026: Second-level cache disabled","logger_name":"org.hibernate.cache.internal.RegionFactoryInitiator","thread_name":"main","level":"INFO","level_value":20000,"appName":"danxils-commons","application_name":"danxils-commons"}
{"@timestamp":"2026-01-05T15:28:57.115197+01:00","@version":"1","log_message":"HikariPool-1 - Starting...","logger_name":"com.zaxxer.hikari.HikariDataSource","thread_name":"main","level":"INFO","level_value":20000,"appName":"danxils-commons","application_name":"danxils-commons"}
{"@timestamp":"2026-01-05T15:28:57.253658+01:00","@version":"1","log_message":"HikariPool-1 - Added connection org.postgresql.jdbc.PgConnection@7b3d3d3d","logger_name":"com.zaxxer.hikari.pool.HikariPool","thread_name":"main","level":"INFO","level_value":20000,"appName":"danxils-commons","application_name":"danxils-commons"}
{"@timestamp":"2026-01-05T15:28:57.254635+01:00","@version":"1","log_message":"HikariPool-1 - Start completed.","logger_name":"com.zaxxer.hikari.HikariDataSource","thread_name":"main","level":"INFO","level_value":20000,"appName":"danxils-commons","application_name":"danxils-commons"}
{"@timestamp":"2026-01-05T15:28:57.300432+01:00","@version":"1","log_message":"HHH90000025: PostgreSQLDialect does not need to be specified explicitly using 'hibernate.dialect' (remove the property setting and it will be selected by default)","logger_name":"org.hibernate.orm.deprecation","thread_name":"main","level":"WARN","level_value":30000,"appName":"danxils-commons","application_name":"danxils-commons"}
{"@timestamp":"2026-01-05T15:28:57.336432+01:00","@version":"1","log_message":"HHH80000003: hibernate-spatial adding type contributions from : org.hibernate.spatial.dialect.postgis.PostgisDialectContributor","logger_name":"org.hibernate.spatial","thread_name":"main","level":"INFO","level_value":20000,"appName":"danxils-commons","application_name":"danxils-commons"}
{"@timestamp":"2026-01-05T15:28:57.441495+01:00","@version":"1","log_message":"No LoadTimeWeaver setup: ignoring JPA class transformer","logger_name":"org.springframework.orm.jpa.persistenceunit.SpringPersistenceUnitInfo","thread_name":"main","level":"INFO","level_value":20000,"appName":"danxils-commons","application_name":"danxils-commons"}
{"@timestamp":"2026-01-05T15:28:57.456758+01:00","@version":"1","log_message":"HHH80000003: hibernate-spatial adding type contributions from : org.hibernate.spatial.dialect.postgis.PostgisDialectContributor","logger_name":"org.hibernate.spatial","thread_name":"main","level":"INFO","level_value":20000,"appName":"danxils-commons","application_name":"danxils-commons"}
{"@timestamp":"2026-01-05T15:28:57.758999+01:00","@version":"1","log_message":"HHH80000004: hibernate-spatial adding function contributions from : org.hibernate.spatial.dialect.postgis.PostgisDialectContributor","logger_name":"org.hibernate.spatial","thread_name":"main","level":"INFO","level_value":20000,"appName":"danxils-commons","application_name":"danxils-commons"}
{"@timestamp":"2026-01-05T15:28:58.260109+01:00","@version":"1","log_message":"HHH000489: No JTA platform available (set 'hibernate.transaction.jta.platform' to enable JTA platform integration)","logger_name":"org.hibernate.engine.transaction.jta.platform.internal.JtaPlatformInitiator","thread_name":"main","level":"INFO","level_value":20000,"appName":"danxils-commons","application_name":"danxils-commons"}
Hibernate: 
    create table vt_route (
        id uuid not null,
        created_at timestamp(6) not null,
        properties jsonb,
        updated_at timestamp(6),
        version bigint,
        current_coordinates geometry,
        driver_id varchar(255),
        last_updated timestamp(6),
        path geometry(LineString, 4326),
        predicted_end_time timestamp(6),
        vehicle_id varchar(255),
        primary key (id)
    )
Hibernate: 
    create table vt_route_stop (
        id uuid not null,
        created_at timestamp(6) not null,
        properties jsonb,
        updated_at timestamp(6),
        version bigint,
        coordinates geometry(Point, 4326),
        order_id uuid,
        predicted_arrival_time timestamp(6),
        sequence_number integer,
        sla_window_end timestamp(6),
        sla_window_start timestamp(6),
        route_id uuid,
        primary key (id)
    )
Hibernate: 
    alter table if exists vt_route_stop 
       add constraint FKclo7f0xdo5urn31avcqvfeny 
       foreign key (route_id) 
       references vt_route
{"@timestamp":"2026-01-05T15:28:58.498674+01:00","@version":"1","log_message":"Initialized JPA EntityManagerFactory for persistence unit 'default'","logger_name":"org.springframework.orm.jpa.LocalContainerEntityManagerFactoryBean","thread_name":"main","level":"INFO","level_value":20000,"appName":"danxils-commons","application_name":"danxils-commons"}
{"@timestamp":"2026-01-05T15:28:58.978853+01:00","@version":"1","log_message":"Direct driver instance 2074869033 created for server address localhost:7687","logger_name":"org.neo4j.driver.internal.DriverFactory","thread_name":"main","level":"INFO","level_value":20000,"appName":"danxils-commons","application_name":"danxils-commons"}
{"@timestamp":"2026-01-05T15:28:59.048958+01:00","@version":"1","log_message":"The entity com.example.planning_service.node.TransportRelation is using a Long value for storing internally generated Neo4j ids. The Neo4j internal Long Ids are deprecated, please consider using an external ID generator.","logger_name":"org.springframework.data.neo4j.core.mapping.Neo4jPersistentEntity","thread_name":"main","level":"WARN","level_value":30000,"appName":"danxils-commons","application_name":"danxils-commons"}
{"@timestamp":"2026-01-05T15:28:59.075012+01:00","@version":"1","log_message":"The entity com.example.planning_service.node.ServesRelation is using a Long value for storing internally generated Neo4j ids. The Neo4j internal Long Ids are deprecated, please consider using an external ID generator.","logger_name":"org.springframework.data.neo4j.core.mapping.Neo4jPersistentEntity","thread_name":"main","level":"WARN","level_value":30000,"appName":"danxils-commons","application_name":"danxils-commons"}
{"@timestamp":"2026-01-05T15:28:59.145447+01:00","@version":"1","log_message":"GraphTelemetryConsumer initialized. Listening on topic: fleet.location.update","logger_name":"com.example.planning_service.consumer.GraphTelemetryConsumer","thread_name":"main","level":"INFO","level_value":20000,"appName":"danxils-commons","application_name":"danxils-commons"}
{"@timestamp":"2026-01-05T15:28:59.434998+01:00","@version":"1","log_message":"Exception encountered during context initialization - cancelling refresh attempt: org.springframework.beans.factory.UnsatisfiedDependencyException: Error creating bean with name 'controlTowerController' defined in file [/Users/VoidTracker/modules/flux/planning-service/target/classes/com/example/planning_service/controller/ControlTowerController.class]: Unsatisfied dependency expressed through constructor parameter 0: Error creating bean with name 'routeManagementService' defined in file [/Users/VoidTracker/modules/flux/planning-service/target/classes/com/example/planning_service/service/RouteManagementService.class]: Unsatisfied dependency expressed through constructor parameter 2: Error creating bean with name 'timefoldOptimizer' defined in file [/Users/VoidTracker/modules/flux/planning-service/target/classes/com/example/planning_service/optimization/impl/TimefoldOptimizer.class]: Unsatisfied dependency expressed through constructor parameter 0: Error creating bean with name 'solverManager' defined in class path resource [ai/timefold/solver/spring/boot/autoconfigure/TimefoldSolverBeanFactory.class]: Failed to instantiate [ai.timefold.solver.core.api.solver.SolverManager]: Factory method 'solverManager' threw exception with message: The RouteStop.nextStop shadow's variableListenerClass (ai.timefold.solver.core.impl.domain.variable.inverserelation.SingletonInverseVariableListener) does not have a public no-arg constructor.","logger_name":"org.springframework.boot.web.servlet.context.AnnotationConfigServletWebServerApplicationContext","thread_name":"main","level":"WARN","level_value":30000,"appName":"danxils-commons","application_name":"danxils-commons"}
{"@timestamp":"2026-01-05T15:28:59.435456+01:00","@version":"1","log_message":"Closing driver instance 2074869033","logger_name":"org.neo4j.driver.internal.InternalDriver","thread_name":"main","level":"INFO","level_value":20000,"appName":"danxils-commons","application_name":"danxils-commons"}
{"@timestamp":"2026-01-05T15:28:59.646761+01:00","@version":"1","log_message":"Closing JPA EntityManagerFactory for persistence unit 'default'","logger_name":"org.springframework.orm.jpa.LocalContainerEntityManagerFactoryBean","thread_name":"main","level":"INFO","level_value":20000,"appName":"danxils-commons","application_name":"danxils-commons"}
{"@timestamp":"2026-01-05T15:28:59.647662+01:00","@version":"1","log_message":"HikariPool-1 - Shutdown initiated...","logger_name":"com.zaxxer.hikari.HikariDataSource","thread_name":"main","level":"INFO","level_value":20000,"appName":"danxils-commons","application_name":"danxils-commons"}
{"@timestamp":"2026-01-05T15:28:59.649243+01:00","@version":"1","log_message":"HikariPool-1 - Shutdown completed.","logger_name":"com.zaxxer.hikari.HikariDataSource","thread_name":"main","level":"INFO","level_value":20000,"appName":"danxils-commons","application_name":"danxils-commons"}
{"@timestamp":"2026-01-05T15:29:00.654419+01:00","@version":"1","log_message":"Timed out waiting for in-flight spans to send","logger_name":"zipkin2.reporter.AsyncReporter$BoundedAsyncReporter","thread_name":"main","level":"WARN","level_value":30000,"appName":"danxils-commons","application_name":"danxils-commons"}
{"@timestamp":"2026-01-05T15:29:00.65566+01:00","@version":"1","log_message":"Stopping service [Tomcat]","logger_name":"org.apache.catalina.core.StandardService","thread_name":"main","level":"INFO","level_value":20000,"appName":"danxils-commons","application_name":"danxils-commons"}
{"@timestamp":"2026-01-05T15:29:00.669563+01:00","@version":"1","log_message":"\n\nError starting ApplicationContext. To display the condition evaluation report re-run your application with 'debug' enabled.","logger_name":"org.springframework.boot.autoconfigure.logging.ConditionEvaluationReportLogger","thread_name":"main","level":"INFO","level_value":20000,"appName":"danxils-commons","application_name":"danxils-commons"}
{"@timestamp":"2026-01-05T15:29:00.680285+01:00","@version":"1","log_message":"Application run failed","logger_name":"org.springframework.boot.SpringApplication","thread_name":"main","level":"ERROR","level_value":40000,"stack_trace":"org.springframework.beans.factory.UnsatisfiedDependencyException: Error creating bean with name 'controlTowerController' defined in file [/Users/VoidTracker/modules/flux/planning-service/target/classes/com/example/planning_service/controller/ControlTowerController.class]: Unsatisfied dependency expressed through constructor parameter 0: Error creating bean with name 'routeManagementService' defined in file [/Users/VoidTracker/modules/flux/planning-service/target/classes/com/example/planning_service/service/RouteManagementService.class]: Unsatisfied dependency expressed through constructor parameter 2: Error creating bean with name 'timefoldOptimizer' defined in file [/Users/VoidTracker/modules/flux/planning-service/target/classes/com/example/planning_service/optimization/impl/TimefoldOptimizer.class]: Unsatisfied dependency expressed through constructor parameter 0: Error creating bean with name 'solverManager' defined in class path resource [ai/timefold/solver/spring/boot/autoconfigure/TimefoldSolverBeanFactory.class]: Failed to instantiate [ai.timefold.solver.core.api.solver.SolverManager]: Factory method 'solverManager' threw exception with message: The RouteStop.nextStop shadow's variableListenerClass (ai.timefold.solver.core.impl.domain.variable.inverserelation.SingletonInverseVariableListener) does not have a public no-arg constructor.\n\tat org.springframework.beans.factory.support.ConstructorResolver.createArgumentArray(ConstructorResolver.java:795)\n\tat org.springframework.beans.factory.support.ConstructorResolver.autowireConstructor(ConstructorResolver.java:237)\n\tat org.springframework.beans.factory.support.AbstractAutowireCapableBeanFactory.autowireConstructor(AbstractAutowireCapableBeanFactory.java:1355)\n\tat org.springframework.beans.factory.support.AbstractAutowireCapableBeanFactory.createBeanInstance(AbstractAutowireCapableBeanFactory.java:1192)\n\tat org.springframework.beans.factory.support.AbstractAutowireCapableBeanFactory.doCreateBean(AbstractAutowireCapableBeanFactory.java:562)\n\tat org.springframework.beans.factory.support.AbstractAutowireCapableBeanFactory.createBean(AbstractAutowireCapableBeanFactory.java:522)\n\tat org.springframework.beans.factory.support.AbstractBeanFactory.lambda$doGetBean$0(AbstractBeanFactory.java:326)\n\tat org.springframework.beans.factory.support.DefaultSingletonBeanRegistry.getSingleton(DefaultSingletonBeanRegistry.java:234)\n\tat org.springframework.beans.factory.support.AbstractBeanFactory.doGetBean(AbstractBeanFactory.java:324)\n\tat org.springframework.beans.factory.support.AbstractBeanFactory.getBean(AbstractBeanFactory.java:200)\n\tat org.springframework.beans.factory.support.DefaultListableBeanFactory.preInstantiateSingletons(DefaultListableBeanFactory.java:975)\n\tat org.springframework.context.support.AbstractApplicationContext.finishBeanFactoryInitialization(AbstractApplicationContext.java:962)\n\tat org.springframework.context.support.AbstractApplicationContext.refresh(AbstractApplicationContext.java:624)\n\tat org.springframework.boot.web.servlet.context.ServletWebServerApplicationContext.refresh(ServletWebServerApplicationContext.java:146)\n\tat org.springframework.boot.SpringApplication.refresh(SpringApplication.java:754)\n\tat org.springframework.boot.SpringApplication.refreshContext(SpringApplication.java:456)\n\tat org.springframework.boot.SpringApplication.run(SpringApplication.java:334)\n\tat org.springframework.boot.SpringApplication.run(SpringApplication.java:1354)\n\tat org.springframework.boot.SpringApplication.run(SpringApplication.java:1343)\n\tat com.example.planning_service.PlanningServiceApplication.main(PlanningServiceApplication.java:15)\nCaused by: org.springframework.beans.factory.UnsatisfiedDependencyException: Error creating bean with name 'routeManagementService' defined in file [/Users/VoidTracker/modules/flux/planning-service/target/classes/com/example/planning_service/service/RouteManagementService.class]: Unsatisfied dependency expressed through constructor parameter 2: Error creating bean with name 'timefoldOptimizer' defined in file [/Users/VoidTracker/modules/flux/planning-service/target/classes/com/example/planning_service/optimization/impl/TimefoldOptimizer.class]: Unsatisfied dependency expressed through constructor parameter 0: Error creating bean with name 'solverManager' defined in class path resource [ai/timefold/solver/spring/boot/autoconfigure/TimefoldSolverBeanFactory.class]: Failed to instantiate [ai.timefold.solver.core.api.solver.SolverManager]: Factory method 'solverManager' threw exception with message: The RouteStop.nextStop shadow's variableListenerClass (ai.timefold.solver.core.impl.domain.variable.inverserelation.SingletonInverseVariableListener) does not have a public no-arg constructor.\n\tat org.springframework.beans.factory.support.ConstructorResolver.createArgumentArray(ConstructorResolver.java:795)\n\tat org.springframework.beans.factory.support.ConstructorResolver.autowireConstructor(ConstructorResolver.java:237)\n\tat org.springframework.beans.factory.support.AbstractAutowireCapableBeanFactory.autowireConstructor(AbstractAutowireCapableBeanFactory.java:1355)\n\tat org.springframework.beans.factory.support.AbstractAutowireCapableBeanFactory.createBeanInstance(AbstractAutowireCapableBeanFactory.java:1192)\n\tat org.springframework.beans.factory.support.AbstractAutowireCapableBeanFactory.doCreateBean(AbstractAutowireCapableBeanFactory.java:562)\n\tat org.springframework.beans.factory.support.AbstractAutowireCapableBeanFactory.createBean(AbstractAutowireCapableBeanFactory.java:522)\n\tat org.springframework.beans.factory.support.AbstractBeanFactory.lambda$doGetBean$0(AbstractBeanFactory.java:326)\n\tat org.springframework.beans.factory.support.DefaultSingletonBeanRegistry.getSingleton(DefaultSingletonBeanRegistry.java:234)\n\tat org.springframework.beans.factory.support.AbstractBeanFactory.doGetBean(AbstractBeanFactory.java:324)\n\tat org.springframework.beans.factory.support.AbstractBeanFactory.getBean(AbstractBeanFactory.java:200)\n\tat org.springframework.beans.factory.config.DependencyDescriptor.resolveCandidate(DependencyDescriptor.java:254)\n\tat org.springframework.beans.factory.support.DefaultListableBeanFactory.doResolveDependency(DefaultListableBeanFactory.java:1443)\n\tat org.springframework.beans.factory.support.DefaultListableBeanFactory.resolveDependency(DefaultListableBeanFactory.java:1353)\n\tat org.springframework.beans.factory.support.ConstructorResolver.resolveAutowiredArgument(ConstructorResolver.java:904)\n\tat org.springframework.beans.factory.support.ConstructorResolver.createArgumentArray(ConstructorResolver.java:782)\n\t... 19 common frames omitted\nCaused by: org.springframework.beans.factory.UnsatisfiedDependencyException: Error creating bean with name 'timefoldOptimizer' defined in file [/Users/VoidTracker/modules/flux/planning-service/target/classes/com/example/planning_service/optimization/impl/TimefoldOptimizer.class]: Unsatisfied dependency expressed through constructor parameter 0: Error creating bean with name 'solverManager' defined in class path resource [ai/timefold/solver/spring/boot/autoconfigure/TimefoldSolverBeanFactory.class]: Failed to instantiate [ai.timefold.solver.core.api.solver.SolverManager]: Factory method 'solverManager' threw exception with message: The RouteStop.nextStop shadow's variableListenerClass (ai.timefold.solver.core.impl.domain.variable.inverserelation.SingletonInverseVariableListener) does not have a public no-arg constructor.\n\tat org.springframework.beans.factory.support.ConstructorResolver.createArgumentArray(ConstructorResolver.java:795)\n\tat org.springframework.beans.factory.support.ConstructorResolver.autowireConstructor(ConstructorResolver.java:237)\n\tat org.springframework.beans.factory.support.AbstractAutowireCapableBeanFactory.autowireConstructor(AbstractAutowireCapableBeanFactory.java:1355)\n\tat org.springframework.beans.factory.support.AbstractAutowireCapableBeanFactory.createBeanInstance(AbstractAutowireCapableBeanFactory.java:1192)\n\tat org.springframework.beans.factory.support.AbstractAutowireCapableBeanFactory.doCreateBean(AbstractAutowireCapableBeanFactory.java:562)\n\tat org.springframework.beans.factory.support.AbstractAutowireCapableBeanFactory.createBean(AbstractAutowireCapableBeanFactory.java:522)\n\tat org.springframework.beans.factory.support.AbstractBeanFactory.lambda$doGetBean$0(AbstractBeanFactory.java:326)\n\tat org.springframework.beans.factory.support.DefaultSingletonBeanRegistry.getSingleton(DefaultSingletonBeanRegistry.java:234)\n\tat org.springframework.beans.factory.support.AbstractBeanFactory.doGetBean(AbstractBeanFactory.java:324)\n\tat org.springframework.beans.factory.support.AbstractBeanFactory.getBean(AbstractBeanFactory.java:200)\n\tat org.springframework.beans.factory.config.DependencyDescriptor.resolveCandidate(DependencyDescriptor.java:254)\n\tat org.springframework.beans.factory.support.DefaultListableBeanFactory.doResolveDependency(DefaultListableBeanFactory.java:1443)\n\tat org.springframework.beans.factory.support.DefaultListableBeanFactory.resolveDependency(DefaultListableBeanFactory.java:1353)\n\tat org.springframework.beans.factory.support.ConstructorResolver.resolveAutowiredArgument(ConstructorResolver.java:904)\n\tat org.springframework.beans.factory.support.ConstructorResolver.createArgumentArray(ConstructorResolver.java:782)\n\t... 33 common frames omitted\nCaused by: org.springframework.beans.factory.BeanCreationException: Error creating bean with name 'solverManager' defined in class path resource [ai/timefold/solver/spring/boot/autoconfigure/TimefoldSolverBeanFactory.class]: Failed to instantiate [ai.timefold.solver.core.api.solver.SolverManager]: Factory method 'solverManager' threw exception with message: The RouteStop.nextStop shadow's variableListenerClass (ai.timefold.solver.core.impl.domain.variable.inverserelation.SingletonInverseVariableListener) does not have a public no-arg constructor.\n\tat org.springframework.beans.factory.support.ConstructorResolver.instantiate(ConstructorResolver.java:648)\n\tat org.springframework.beans.factory.support.ConstructorResolver.instantiateUsingFactoryMethod(ConstructorResolver.java:636)\n\tat org.springframework.beans.factory.support.AbstractAutowireCapableBeanFactory.instantiateUsingFactoryMethod(AbstractAutowireCapableBeanFactory.java:1335)\n\tat org.springframework.beans.factory.support.AbstractAutowireCapableBeanFactory.createBeanInstance(AbstractAutowireCapableBeanFactory.java:1165)\n\tat org.springframework.beans.factory.support.AbstractAutowireCapableBeanFactory.doCreateBean(AbstractAutowireCapableBeanFactory.java:562)\n\tat org.springframework.beans.factory.support.AbstractAutowireCapableBeanFactory.createBean(AbstractAutowireCapableBeanFactory.java:522)\n\tat org.springframework.beans.factory.support.AbstractBeanFactory.lambda$doGetBean$0(AbstractBeanFactory.java:326)\n\tat org.springframework.beans.factory.support.DefaultSingletonBeanRegistry.getSingleton(DefaultSingletonBeanRegistry.java:234)\n\tat org.springframework.beans.factory.support.AbstractBeanFactory.doGetBean(AbstractBeanFactory.java:324)\n\tat org.springframework.beans.factory.support.AbstractBeanFactory.getBean(AbstractBeanFactory.java:200)\n\tat org.springframework.beans.factory.config.DependencyDescriptor.resolveCandidate(DependencyDescriptor.java:254)\n\tat org.springframework.beans.factory.support.DefaultListableBeanFactory.doResolveDependency(DefaultListableBeanFactory.java:1443)\n\tat org.springframework.beans.factory.support.DefaultListableBeanFactory.resolveDependency(DefaultListableBeanFactory.java:1353)\n\tat org.springframework.beans.factory.support.ConstructorResolver.resolveAutowiredArgument(ConstructorResolver.java:904)\n\tat org.springframework.beans.factory.support.ConstructorResolver.createArgumentArray(ConstructorResolver.java:782)\n\t... 47 common frames omitted\nCaused by: org.springframework.beans.BeanInstantiationException: Failed to instantiate [ai.timefold.solver.core.api.solver.SolverManager]: Factory method 'solverManager' threw exception with message: The RouteStop.nextStop shadow's variableListenerClass (ai.timefold.solver.core.impl.domain.variable.inverserelation.SingletonInverseVariableListener) does not have a public no-arg constructor.\n\tat org.springframework.beans.factory.support.SimpleInstantiationStrategy.instantiate(SimpleInstantiationStrategy.java:177)\n\tat org.springframework.beans.factory.support.ConstructorResolver.instantiate(ConstructorResolver.java:644)\n\t... 61 common frames omitted\nCaused by: java.lang.IllegalArgumentException: The RouteStop.nextStop shadow's variableListenerClass (ai.timefold.solver.core.impl.domain.variable.inverserelation.SingletonInverseVariableListener) does not have a public no-arg constructor.\n\tat ai.timefold.solver.core.config.util.ConfigUtils.newInstance(ConfigUtils.java:88)\n\tat ai.timefold.solver.core.impl.domain.variable.custom.CustomShadowVariableDescriptor.lambda$buildVariableListeners$1(CustomShadowVariableDescriptor.java:147)\n\tat java.base/java.util.stream.ReferencePipeline$3$1.accept(ReferencePipeline.java:215)\n\tat java.base/java.util.HashMap$EntrySpliterator.forEachRemaining(HashMap.java:1859)\n\tat java.base/java.util.stream.AbstractPipeline.copyInto(AbstractPipeline.java:570)\n\tat java.base/java.util.stream.AbstractPipeline.wrapAndCopyInto(AbstractPipeline.java:560)\n\tat java.base/java.util.stream.ReduceOps$ReduceOp.evaluateSequential(ReduceOps.java:921)\n\tat java.base/java.util.stream.AbstractPipeline.evaluate(AbstractPipeline.java:265)\n\tat java.base/java.util.stream.ReferencePipeline.collect(ReferencePipeline.java:727)\n\tat ai.timefold.solver.core.impl.domain.variable.custom.CustomShadowVariableDescriptor.buildVariableListeners(CustomShadowVariableDescriptor.java:149)\n\tat ai.timefold.solver.core.impl.domain.variable.listener.support.VariableListenerSupport.processShadowVariableDescriptor(VariableListenerSupport.java:67)\n\tat java.base/java.util.stream.ForEachOps$ForEachOp$OfRef.accept(ForEachOps.java:184)\n\tat java.base/java.util.ArrayList.forEach(ArrayList.java:1597)\n\tat java.base/java.util.stream.SortedOps$RefSortingSink.end(SortedOps.java:395)\n\tat java.base/java.util.stream.Sink$ChainedReference.end(Sink.java:261)\n\tat java.base/java.util.stream.ReferencePipeline$7$1FlatMap.end(ReferencePipeline.java:285)\n\tat java.base/java.util.stream.Sink$ChainedReference.end(Sink.java:261)\n\tat java.base/java.util.stream.AbstractPipeline.copyInto(AbstractPipeline.java:571)\n\tat java.base/java.util.stream.AbstractPipeline.wrapAndCopyInto(AbstractPipeline.java:560)\n\tat java.base/java.util.stream.ForEachOps$ForEachOp.evaluateSequential(ForEachOps.java:151)\n\tat java.base/java.util.stream.ForEachOps$ForEachOp$OfRef.evaluateSequential(ForEachOps.java:174)\n\tat java.base/java.util.stream.AbstractPipeline.evaluate(AbstractPipeline.java:265)\n\tat java.base/java.util.stream.ReferencePipeline.forEach(ReferencePipeline.java:636)\n\tat ai.timefold.solver.core.impl.domain.variable.listener.support.VariableListenerSupport.linkVariableListeners(VariableListenerSupport.java:63)\n\tat ai.timefold.solver.core.impl.score.director.AbstractScoreDirector.<init>(AbstractScoreDirector.java:101)\n\tat ai.timefold.solver.core.impl.score.director.stream.BavetConstraintStreamScoreDirector.<init>(BavetConstraintStreamScoreDirector.java:40)\n\tat ai.timefold.solver.core.impl.score.director.stream.BavetConstraintStreamScoreDirector.<init>(BavetConstraintStreamScoreDirector.java:34)\n\tat ai.timefold.solver.core.impl.score.director.stream.BavetConstraintStreamScoreDirectorFactory.buildScoreDirector(BavetConstraintStreamScoreDirectorFactory.java:67)\n\tat ai.timefold.solver.core.impl.score.director.stream.BavetConstraintStreamScoreDirectorFactory.buildScoreDirector(BavetConstraintStreamScoreDirectorFactory.java:21)\n\tat ai.timefold.solver.core.impl.score.director.InnerScoreDirectorFactory.buildScoreDirector(InnerScoreDirectorFactory.java:32)\n\tat ai.timefold.solver.core.impl.solver.DefaultSolverFactory.buildSolver(DefaultSolverFactory.java:109)\n\tat ai.timefold.solver.core.api.solver.SolverFactory.buildSolver(SolverFactory.java:118)\n\tat ai.timefold.solver.core.impl.solver.DefaultSolverManager.validateSolverFactory(DefaultSolverManager.java:63)\n\tat ai.timefold.solver.core.impl.solver.DefaultSolverManager.<init>(DefaultSolverManager.java:49)\n\tat ai.timefold.solver.core.api.solver.SolverManager.create(SolverManager.java:91)\n\tat ai.timefold.solver.spring.boot.autoconfigure.TimefoldSolverBeanFactory.solverManager(TimefoldSolverBeanFactory.java:108)\n\tat ai.timefold.solver.spring.boot.autoconfigure.TimefoldSolverBeanFactory$$SpringCGLIB$$0.CGLIB$solverManager$2(<generated>)\n\tat ai.timefold.solver.spring.boot.autoconfigure.TimefoldSolverBeanFactory$$SpringCGLIB$$FastClass$$1.invoke(<generated>)\n\tat org.springframework.cglib.proxy.MethodProxy.invokeSuper(MethodProxy.java:258)\n\tat org.springframework.context.annotation.ConfigurationClassEnhancer$BeanMethodInterceptor.intercept(ConfigurationClassEnhancer.java:331)\n\tat ai.timefold.solver.spring.boot.autoconfigure.TimefoldSolverBeanFactory$$SpringCGLIB$$0.solverManager(<generated>)\n\tat java.base/jdk.internal.reflect.DirectMethodHandleAccessor.invoke(DirectMethodHandleAccessor.java:103)\n\tat java.base/java.lang.reflect.Method.invoke(Method.java:580)\n\tat org.springframework.beans.factory.support.SimpleInstantiationStrategy.instantiate(SimpleInstantiationStrategy.java:140)\n\t... 62 common frames omitted\nCaused by: java.lang.NoSuchMethodException: ai.timefold.solver.core.impl.domain.variable.inverserelation.SingletonInverseVariableListener.<init>()\n\tat java.base/java.lang.Class.getConstructor0(Class.java:3833)\n\tat java.base/java.lang.Class.getDeclaredConstructor(Class.java:3004)\n\tat ai.timefold.solver.core.config.util.ConfigUtils.newInstance(ConfigUtils.java:84)\n\t... 105 common frames omitted\n","appName":"danxils-commons","application_name":"danxils-commons"}
[INFO] ------------------------------------------------------------------------
[INFO] BUILD FAILURE
[INFO] ------------------------------------------------------------------------
[INFO] Total time:  8.334 s
[INFO] Finished at: 2026-01-05T15:29:00+01:00
[INFO] ------------------------------------------------------------------------
[ERROR] Failed to execute goal org.springframework.boot:spring-boot-maven-plugin:3.2.5:run (default-cli) on project planning-service: Process terminated with exit code: 1 -> [Help 1]
[ERROR] 
[ERROR] To see the full stack trace of the errors, re-run Maven with the -e switch.
[ERROR] Re-run Maven using the -X switch to enable full debug logging.
[ERROR] 
[ERROR] For more information about the errors and possible solutions, please read the following articles:
[ERROR] [Help 1] http://cwiki.apache.org/confluence/display/MAVEN/MojoExecutionException
